#
# A fatal error has been detected by the Java Runtime Environment:
#
#  EXCEPTION_ACCESS_VIOLATION (0xc0000005) at pc=0x00000000072bf750, pid=7604, tid=7396
#
# JRE version: 7.0_17-b02
# Java VM: Java HotSpot(TM) 64-Bit Server VM (23.7-b01 mixed mode windows-amd64 compressed oops)
# Problematic frame:
# C  0x00000000072bf750
#
# Failed to write core dump. Minidumps are not enabled by default on client versions of Windows
#
# If you would like to submit a bug report, please visit:
#   http://bugreport.sun.com/bugreport/crash.jsp
# The crash happened outside the Java Virtual Machine in native code.
# See problematic frame for where to report the bug.
#

---------------  T H R E A D  ---------------

Current thread (0x00000000021bc800):  JavaThread "main" [_thread_in_native, id=7396, stack(0x0000000002570000,0x0000000002670000)]

siginfo: ExceptionCode=0xc0000005, ExceptionInformation=0x0000000000000008 0x00000000072bf750

Registers:
RAX=0x00000000072bf750, RBX=0x000000077c4147c8, RCX=0x00000000021bc9d8, RDX=0x000000000266dea0
RSP=0x000000000266de18, RBP=0x000000000266de90, RSI=0x00000000021bc800, RDI=0x00000000026763d3
R8 =0x000000000266deb0, R9 =0x0000000000000000, R10=0x000000000268237c, R11=0x0000000051881f50
R12=0x0000000000000000, R13=0x000000077c4147c8, R14=0x000000000266deb0, R15=0x00000000021bc800
RIP=0x00000000072bf750, EFLAGS=0x0000000000010287

Top of Stack: (sp=0x000000000266de18)
0x000000000266de18:   00000000026823a8 000000000266de88
0x000000000266de28:   00000000026763d3 0000000000000000
0x000000000266de38:   000000000267f1db 00000000021bc800
0x000000000266de48:   000000000266df20 000000000266de50
0x000000000266de58:   000000077c4147c8 000000000266deb0
0x000000000266de68:   000000077c4cba40 0000000000000000
0x000000000266de78:   000000077c4147c8 0000000000000000
0x000000000266de88:   000000000266deb0 000000000266def8
0x000000000266de98:   00000000026764f0 00000007d5cb0b78
0x000000000266dea8:   000000000267f1c0 00000007d5cb0da0
0x000000000266deb8:   000000000266deb8 000000077c4146ca
0x000000000266dec8:   000000000266df20 000000077c4cba40
0x000000000266ded8:   0000000000000000 000000077c4146f8
0x000000000266dee8:   000000000266deb0 000000000266df20
0x000000000266def8:   000000000266df68 00000000026764f0
0x000000000266df08:   0000000000000000 0000000000000000 

Instructions: (pc=0x00000000072bf750)
0x00000000072bf730:   00 00 00 00 00 00 00 00 00 00 00 00 00 00 00 00
0x00000000072bf740:   00 00 00 00 00 00 00 00 00 00 00 00 00 00 00 00
0x00000000072bf750:   00 00 00 00 00 00 00 00 00 00 00 00 00 00 00 00
0x00000000072bf760:   00 00 00 00 00 00 00 00 00 00 00 00 00 00 00 00 


Register to memory mapping:

RAX=0x00000000072bf750 is an unknown value
RBX=0x000000077c4147c8 is an oop
{method} 
 - klass: {other class}
RCX=0x00000000021bc9d8 is an unknown value
RDX=0x000000000266dea0 is pointing into the stack for thread: 0x00000000021bc800
RSP=0x000000000266de18 is pointing into the stack for thread: 0x00000000021bc800
RBP=0x000000000266de90 is pointing into the stack for thread: 0x00000000021bc800
RSI=0x00000000021bc800 is a thread
RDI=0x00000000026763d3 is an Interpreter codelet
return entry points  [0x0000000002675820, 0x0000000002677620]  7680 bytes
R8 =0x000000000266deb0 is pointing into the stack for thread: 0x00000000021bc800
R9 =0x0000000000000000 is an unknown value
R10=0x000000000268237c is an Interpreter codelet
method entry point (kind = native)  [0x0000000002682100, 0x0000000002682980]  2176 bytes
R11=0x0000000051881f50 is an unknown value
R12=0x0000000000000000 is an unknown value
R13=0x000000077c4147c8 is an oop
{method} 
 - klass: {other class}
R14=0x000000000266deb0 is pointing into the stack for thread: 0x00000000021bc800
R15=0x00000000021bc800 is a thread


Stack: [0x0000000002570000,0x0000000002670000],  sp=0x000000000266de18,  free space=1015k
Native frames: (J=compiled Java code, j=interpreted, Vv=VM code, C=native code)
C  0x00000000072bf750
j  java.lang.Class.desiredAssertionStatus()Z+10
j  java.lang.Throwable.<clinit>()V+3
v  ~StubRoutines::call_stub
V  [jvm.dll+0x1ae734]

Java frames: (J=compiled Java code, j=interpreted, Vv=VM code)
j  java.lang.Class.desiredAssertionStatus0(Ljava/lang/Class;)Z+0
j  java.lang.Class.desiredAssertionStatus()Z+10
j  java.lang.Throwable.<clinit>()V+3
v  ~StubRoutines::call_stub
j  java.lang.Class.registerNatives()V+0
j  java.lang.Class.<clinit>()V+0
v  ~StubRoutines::call_stub

---------------  P R O C E S S  ---------------

Java Threads: ( => current thread )
  0x00000000022b8000 JavaThread "Finalizer" daemon [_thread_blocked, id=5500, stack(0x000000000cc10000,0x000000000cd10000)]
  0x00000000022b1800 JavaThread "Reference Handler" daemon [_thread_blocked, id=3800, stack(0x000000000c9d0000,0x000000000cad0000)]
=>0x00000000021bc800 JavaThread "main" [_thread_in_native, id=7396, stack(0x0000000002570000,0x0000000002670000)]

Other Threads:
  0x000000000b913800 VMThread [stack: 0x000000000c810000,0x000000000c910000] [id=6372]

VM state:not at safepoint (normal execution)

VM Mutex/Monitor currently owned by a thread: None

Heap
 PSYoungGen      total 37824K, used 649K [0x00000007d5cb0000, 0x00000007d86e0000, 0x0000000800000000)
  eden space 32448K, 2% used [0x00000007d5cb0000,0x00000007d5d52440,0x00000007d7c60000)
  from space 5376K, 0% used [0x00000007d81a0000,0x00000007d81a0000,0x00000007d86e0000)
  to   space 5376K, 0% used [0x00000007d7c60000,0x00000007d7c60000,0x00000007d81a0000)
 ParOldGen       total 86400K, used 0K [0x0000000781600000, 0x0000000786a60000, 0x00000007d5cb0000)
  object space 86400K, 0% used [0x0000000781600000,0x0000000781600000,0x0000000786a60000)
 PSPermGen       total 21248K, used 824K [0x000000077c400000, 0x000000077d8c0000, 0x0000000781600000)
  object space 21248K, 3% used [0x000000077c400000,0x000000077c4ce2d0,0x000000077d8c0000)

Card table byte_map: [0x0000000005670000,0x0000000005a90000] byte_map_base: 0x0000000001a8e000

Polling page: 0x0000000000230000

Code Cache  [0x0000000002670000, 0x00000000028e0000, 0x0000000005670000)
 total_blobs=62 nmethods=0 adapters=37 free_code_cache=48825Kb largest_free_block=49997056

Compilation events (0 events):
No events

GC Heap History (0 events):
No events

Deoptimization events (0 events):
No events

Internal exceptions (0 events):
No events

Events (10 events):
Event: 0.017 loading class 0x00000000022b0550 done
Event: 0.017 loading class 0x00000000022b0510
Event: 0.017 loading class 0x00000000022b0510 done
Event: 0.017 loading class 0x0000000002280fe0
Event: 0.017 loading class 0x0000000002280fe0 done
Event: 0.017 Thread 0x00000000022b8000 Thread added: 0x00000000022b8000
Event: 0.017 loading class 0x0000000002244fa0
Event: 0.017 loading class 0x0000000002202090
Event: 0.017 loading class 0x0000000002202090 done
Event: 0.017 loading class 0x0000000002244fa0 done


Dynamic libraries:
0x000000013fb10000 - 0x000000013fb43000 	C:\Windows\system32\java.exe
0x00000000772b0000 - 0x000000007745c000 	C:\Windows\SYSTEM32\ntdll.dll
0x0000000077190000 - 0x00000000772af000 	C:\Windows\system32\kernel32.dll
0x000007fefd320000 - 0x000007fefd38b000 	C:\Windows\system32\KERNELBASE.dll
0x000007fefdd80000 - 0x000007fefde5b000 	C:\Windows\system32\ADVAPI32.dll
0x000007fefdfd0000 - 0x000007fefe06f000 	C:\Windows\system32\msvcrt.dll
0x000007fefd5e0000 - 0x000007fefd5ff000 	C:\Windows\SYSTEM32\sechost.dll
0x000007fefd600000 - 0x000007fefd72e000 	C:\Windows\system32\RPCRT4.dll
0x0000000077090000 - 0x000000007718a000 	C:\Windows\system32\USER32.dll
0x000007fefe070000 - 0x000007fefe0d7000 	C:\Windows\system32\GDI32.dll
0x000007feff5b0000 - 0x000007feff5be000 	C:\Windows\system32\LPK.dll
0x000007fefe100000 - 0x000007fefe1ca000 	C:\Windows\system32\USP10.dll
0x000007fefbc70000 - 0x000007fefbe64000 	C:\Windows\WinSxS\amd64_microsoft.windows.common-controls_6595b64144ccf1df_6.0.7600.16661_none_fa62ad231704eab7\COMCTL32.dll
0x000007fefdf50000 - 0x000007fefdfc1000 	C:\Windows\system32\SHLWAPI.dll
0x000007feff580000 - 0x000007feff5ae000 	C:\Windows\system32\IMM32.DLL
0x000007feff340000 - 0x000007feff449000 	C:\Windows\system32\MSCTF.dll
0x000000005d540000 - 0x000000005d611000 	C:\Program Files\Java\jre7\bin\msvcr100.dll
0x00000000516c0000 - 0x0000000051ddf000 	C:\Program Files\Java\jre7\bin\server\jvm.dll
0x000007fef3450000 - 0x000007fef3459000 	C:\Windows\system32\WSOCK32.dll
0x000007fefd820000 - 0x000007fefd86d000 	C:\Windows\system32\WS2_32.dll
0x000007fefd810000 - 0x000007fefd818000 	C:\Windows\system32\NSI.dll
0x000007fefb1c0000 - 0x000007fefb1fb000 	C:\Windows\system32\WINMM.dll
0x0000000077480000 - 0x0000000077487000 	C:\Windows\system32\PSAPI.DLL
0x0000000074830000 - 0x000000007483f000 	C:\Program Files\Java\jre7\bin\verify.dll
0x0000000074800000 - 0x0000000074828000 	C:\Program Files\Java\jre7\bin\java.dll
0x00000000747e0000 - 0x00000000747f5000 	C:\Program Files\Java\jre7\bin\zip.dll
0x000007fef9a50000 - 0x000007fef9b75000 	C:\Windows\system32\dbghelp.dll

VM Arguments:
java_command: <unknown>
Launcher Type: SUN_STANDARD

Environment Variables:
PATH=C:\Program Files\Common Files\Microsoft Shared\Windows Live;C:\Program Files (x86)\Common Files\Microsoft Shared\Windows Live;C:\Windows\system32;C:\Windows;C:\Windows\System32\Wbem;C:\Windows\System32\WindowsPowerShell\v1.0\;C:\Program Files (x86)\Windows Live\Shared;C:\Windows\SysWOW64;C:\Program Files (x86)\QuickTime\QTSystem\;C:\Program Files (x86)\Microsoft SQL Server\100\Tools\Binn\;C:\Program Files\Microsoft SQL Server\100\Tools\Binn\;C:\Program Files\Microsoft SQL Server\100\DTS\Binn\;C:\Program Files\TortoiseHg\
USERNAME=Abdurrahman Hijazi
OS=Windows_NT
PROCESSOR_IDENTIFIER=Intel64 Family 6 Model 42 Stepping 7, GenuineIntel



---------------  S Y S T E M  ---------------

OS: Windows 7 , 64 bit Build 7600 

CPU:total 4 (4 cores per cpu, 1 threads per core) family 6 model 42 stepping 7, cmov, cx8, fxsr, mmx, sse, sse2, sse3, ssse3, sse4.1, sse4.2, popcnt, tsc, tscinvbit

Memory: 4k page, physical 8292896k(3153752k free), swap 16583896k(10516992k free)

vm_info: Java HotSpot(TM) 64-Bit Server VM (23.7-b01) for windows-amd64 JRE (1.7.0_17-b02), built on Mar  1 2013 03:38:30 by "java_re" with unknown MS VC++:1600

time: Mon Mar 16 12:21:27 2015
elapsed time: 0 seconds

