#
# A fatal error has been detected by the Java Runtime Environment:
#
#  EXCEPTION_ACCESS_VIOLATION (0xc0000005) at pc=0x000000005aed2a4b, pid=5676, tid=4772
#
# JRE version: 7.0_17-b02
# Java VM: Java HotSpot(TM) 64-Bit Server VM (23.7-b01 mixed mode windows-amd64 compressed oops)
# Problematic frame:
# V  [jvm.dll+0x112a4b]
#
# Failed to write core dump. Minidumps are not enabled by default on client versions of Windows
#
# If you would like to submit a bug report, please visit:
#   http://bugreport.sun.com/bugreport/crash.jsp
#

---------------  T H R E A D  ---------------

Current thread (0x000000000226c800):  JavaThread "main" [_thread_in_vm, id=4772, stack(0x0000000002490000,0x0000000002590000)]

siginfo: ExceptionCode=0xc0000005, reading address 0xfffffffff67f0000

Registers:
RAX=0x0000000000000000, RBX=0x000000000212f390, RCX=0xffffffffffffffff, RDX=0x000000000212f390
RSP=0x000000000258f0c0, RBP=0x000000000226c800, RSI=0x00000000021207c8, RDI=0xfffffffff67f0000
R8 =0x000000077c40b501, R9 =0xfffffffff67f0000, R10=0x000000000000000c, R11=0x00000000e4d2746c
R12=0x0000000063d73220, R13=0x0000000000000016, R14=0x0000000000000000, R15=0x0000000000000017
RIP=0x000000005aed2a4b, EFLAGS=0x0000000000010246

Top of Stack: (sp=0x000000000258f0c0)
0x000000000258f0c0:   00000000021207c8 000000000226c800
0x000000000258f0d0:   0000000000000000 0000000000000017
0x000000000258f0e0:   000000000226c800 000000077c40ea40
0x000000000258f0f0:   0000000000000000 0000000063d69a90
0x000000000258f100:   000000000226c800 0000000000000000
0x000000000258f110:   00000000021207c8 0000000063d512d8
0x000000000258f120:   000000000258f228 0000000000000000
0x000000000258f130:   000000000226c800 000000000226c800
0x000000000258f140:   00000000020b7a70 000000005ae3dc66
0x000000000258f150:   000000000258f3c8 000000000226c800
0x000000000258f160:   000000000258f070 00000000021207c8
0x000000000258f170:   000000000226c800 000000000226c800
0x000000000258f180:   000000000226c800 000000000258f240
0x000000000258f190:   000000077c40ea40 0000000000000000
0x000000000258f1a0:   0000000000000000 000000000258f228
0x000000000258f1b0:   000000077c40ea40 00000000025a23a8 

Instructions: (pc=0x000000005aed2a4b)
0x000000005aed2a2b:   00 00 00 00 00 4d 8b 4c 24 f0 49 8b 44 24 f8 48
0x000000005aed2a3b:   83 c9 ff 48 89 84 24 08 01 00 00 33 c0 49 8b f9
0x000000005aed2a4b:   f2 ae 4c 8d 84 24 18 01 00 00 4c 89 4c 24 38 48
0x000000005aed2a5b:   f7 d1 8d 51 ff 49 8b c9 e8 f8 0a f3 ff 4c 8b 8c 


Register to memory mapping:

RAX=0x0000000000000000 is an unknown value
RBX=0x000000000212f390 is an unknown value
RCX=0xffffffffffffffff is an unknown value
RDX=0x000000000212f390 is an unknown value
RSP=0x000000000258f0c0 is pointing into the stack for thread: 0x000000000226c800
RBP=0x000000000226c800 is a thread
RSI=0x00000000021207c8 is an unknown value
RDI=0xfffffffff67f0000 is an unknown value
R8 =0x000000077c40b501 is an oop
{constant pool} 
 - klass: {other class}
 - holder: 0x000000077c415bb8
 - cache: 0x000000077c4cba40
 -   1 :  : "" {0xd5cb5928}
 -   2 :  : " is not an enum type" {0xd5cb5950}
 -   3 :  : "(" {0xd5cb59a0}
 -   4 :  : ")" {0xd5cb59d0}
 -   5 :  : ", " {0xd5cb5a00}
 -   6 :  : "." {0xd5cb5a30}
 -   7 :  : ".<init>" {0xd5cb5a60}
 -   8 :  : "/" {0xd5cb5a98}
 -   9 :  : "Can not call newInstance() on the Class for java.lang.Class" {0xd5cb5ac8}
 -  10 :  : "Enclosing constructor not found" {0xd5cb5b68}
 -  11 :  : "Enclosing method not found" {0xd5cb5bd0}
 -  12 :  : "Malformed class name" {0xd5cb5c30}
 -  13 :  : "Malformed enclosing method information" {0xd5cb5c80}
 -  14 :  : "[]" {0xd5cb5cf8}
 -  15 :  : "class " {0xd5cb5d28}
 -  16 :  : "com.sun.proxy" {0xd5cb5d60}
 -  17 :  : "interface " {0xd5cb5da8}
 -  18 :  : "null" {0xd5cb3568}
 -  19 :  : "values" {0xd5cb5de8}
 -  20 :  : ''
 -  21 :  : ' is not an enum type'
 -  22 :  : ' to '
 -  23 :  : '('
 -  24 :  : '()I'
 -  25 :  : '()Ljava/lang/String;'
 -  26 :  : '()TT;'
 -  27 :  : '()V'
 -  28 :  : '()Z'
 -  29 :  : '()[B'
 -  30 :  : '()[TT;'
 -  31 :  : '(C)Z'
 -  32 :  : '(I)C'
 -  33 :  : '(I)I'
 -  34 :  : '(I)Ljava/lang/String;'
 -  35 :  : '(I)V'
 -  36 :  : '(I)Z'
 -  37 :  : '(II)Ljava/lang/String;'
 -  38 :  : '(Ljava/lang/Object;)Ljava/lang/String;'
 -  39 :  : '(Ljava/lang/Object;)V'
 -  40 :  : '(Ljava/lang/Object;)Z'
 -  41 :  : '(Ljava/lang/Object;[Ljava/lang/Object;)Ljava/lang/Object;'
 -  42 :  : '(Ljava/lang/String;)I'
 -  43 :  : '(Ljava/lang/String;)Ljava/lang/Class;'
 -  44 :  : '(Ljava/lang/String;)Ljava/lang/String;'
 -  45 :  : '(Ljava/lang/String;)V'
 -  46 :  : '(Ljava/lang/String;)Z'
 -  47 :  : '(Ljava/lang/String;[Ljava/lang/Class;)Ljava/lang/reflect/Method;'
 -  48 :  : '(Ljava/lang/Throwable;)V'
 -  49 :  : '(Z)Z'
 -  50 :  : '([Ljava/lang/Object;)Ljava/lang/Object;'
 -  51 :  : ')'
 -  52 :  : ', '
 -  53 :  : '.'
 -  54 :  : '.<init>'
 -  55 :  : '/'
 -  56 :  : '<clinit>'
 -  57 :  : '<init>'
 -  58 :  : 'ALL_PERMISSION'
 -  59 :  : 'ANNOTATION'
 -  60 :  : 'Can not call newInstance() on the Class for java.lang.Class'
 -  61 :  : 'Cannot cast '
 -  62 :  : 'Code'
 -  63 :  : 'ConstantValue'
 -  64 :  : 'ENUM'
 -  65 :  : 'Enclosing constructor not found'
 -  66 :  : 'Enclosing method not found'
 -  67 :  : 'Entry'
 -  68 :  : 'Exceptions'
 -  69 :  : 'GET_CLASSLOADER_PERMISSION'
 -  70 :  : 'GET_PD_PERMISSION'
 -  71 :  : 'I'
 -  72 :  : 'InnerClasses'
 -  73 :  : 'J'
 -  74 :  : 'Ljava/lang/Class;'
 -  75 :  : 'Ljava/lang/Object;'
 -  76 :  : 'Ljava/lang/String;'
 -  77 :  : 'Malformed class name'
 -  78 :  : 'Malformed enclosing method information'
 -  79 :  : 'SYNTHETIC'
 -  80 :  : 'Signature'
 -  81 :  : 'StackMapTable'
 -  82 :  : 'Z'
 -  83 :  : '[Ljava/io/ObjectStreamField;'
 -  84 :  : '[Ljava/lang/Class;'
 -  85 :  : '[Ljava/lang/Object;'
 -  86 :  : '[Ljava/lang/reflect/Constructor;'
 -  87 :  : '[Ljava/lang/reflect/Field;'
 -  88 :  : '[Ljava/lang/reflect/Method;'
 -  89 :  : '[Ljava/lang/reflect/Type;'
 -  90 :  : '[Ljava/lang/reflect/TypeVariable;'
 -  91 :  : '[TT;'
 -  92 :  : '[]'
 -  93 :  : 'access$100'
 -  94 :  : 'access$202'
 -  95 :  : 'access$302'
 -  96 :  : 'add'
 -  97 :  : 'addAll'
 -  98 :  : 'addAllIfNotPresent'
 -  99 :  : 'allPermDomain'
 - 100 :  : 'annotationType'
 - 101 :  : 'annotations'
 - 102 :  : 'append'
 - 103 :  : 'argumentTypesToString'
 - 104 :  : 'arrayContentsEq'
 - 105 :  : 'asSubclass'
 - 106 :  : 'assertionLock'
 - 107 :  : 'cachedConstructor'
 - 108 :  : 'cannotCastMsg'
 - 109 :  : 'cast'
 - 110 :  : 'charAt'
 - 111 :  : 'checkInitted'
 - 112 :  : 'checkMemberAccess'
 - 113 :  : 'checkPackageAccess'
 - 114 :  : 'checkPermission'
 - 115 :  : 'checkProxyPackageAccess'
 - 116 :  : 'class '
 - 117 :  : 'classAssertionStatus'
 - 118 :  : 'classRedefinedCount'
 - 119 :  : 'classValueMap'
 - 120 :  : 'clearCachesOnClassRedefinition'
 - 121 :  : 'clone'
 - 122 :  : 'com.sun.proxy'
 - 123 :  : 'compactAndTrim'
 - 124 :  : 'contains'
 - 125 :  : 'copyConstructor'
 - 126 :  : 'copyConstructors'
 - 127 :  : 'copyField'
 - 128 :  : 'copyFields'
 - 129 :  : 'copyMethod'
 - 130 :  : 'copyMethods'
 - 131 :  : 'declaredAnnotations'
 - 132 :  : 'declaredConstructors'
 - 133 :  : 'declaredFields'
 - 134 :  : 'declaredMethods'
 - 135 :  : 'declaredPublicFields'
 - 136 :  : 'declaredPublicMethods'
 - 137 :  : 'desiredAssertionStatus'
 - 138 :  : 'desiredAssertionStatus0'
 - 139 :  : 'doPrivileged'
 - 140 :  : 'ensureMemberAccess'
 - 141 :  : 'entrySet'
 - 142 :  : 'enumConstantDirectory'
 - 143 :  : 'enumConstants'
 - 144 :  : 'equals'
 - 145 :  : 'filterFields'
 - 146 :  : 'filterMethods'
 - 147 :  : 'forName'
 - 148 :  : 'forName0'
 - 149 :  : 'genericInfo'
 - 150 :  : 'get'
 - 151 :  : 'getAnnotation'
 - 152 :  : 'getAnnotationType'
 - 153 :  : 'getAnnotations'
 - 154 :  : 'getArray'
 - 155 :  : 'getCallerClass'
 - 156 :  : 'getCallerClassLoader'
 - 157 :  : 'getCanonicalName'
 - 158 :  : 'getClass'
 - 159 :  : 'getClassLoader'
 - 160 :  : 'getClassLoader0'
 - 161 :  : 'getClasses'
 - 162 :  : 'getComponentType'
 - 163 :  : 'getConstantPool'
 - 164 :  : 'getConstructor'
 - 165 :  : 'getConstructor0'
 - 166 :  : 'getConstructors'
 - 167 :  : 'getDeclaredAnnotations'
 - 168 :  : 'getDeclaredClasses'
 - 169 :  : 'getDeclaredClasses0'
 - 170 :  : 'getDeclaredConstructor'
 - 171 :  : 'getDeclaredConstructors'
 - 172 :  : 'getDeclaredConstructors0'
 - 173 :  : 'getDeclaredField'
 - 174 :  : 'getDeclaredFields'
 - 175 :  : 'getDeclaredFields0'
 - 176 :  : 'getDeclaredMethod'
 - 177 :  : 'getDeclaredMethods'
 - 178 :  : 'getDeclaredMethods0'
 - 179 :  : 'getDeclaringClass'
 - 180 :  : 'getDescriptor'
 - 181 :  : 'getEnclosingClass'
 - 182 :  : 'getEnclosingConstructor'
 - 183 :  : 'getEnclosingMethod'
 - 184 :  : 'getEnclosingMethod0'
 - 185 :  : 'getEnclosingMethodInfo'
 - 186 :  : 'getEnumConstants'
 - 187 :  : 'getEnumConstantsShared'
 - 188 :  : 'getFactory'
 - 189 :  : 'getField'
 - 190 :  : 'getField0'
 - 191 :  : 'getFields'
 - 192 :  : 'getGenericComponentType'
 - 193 :  : 'getGenericInfo'
 - 194 :  : 'getGenericInterfaces'
 - 195 :  : 'getGenericSignature'
 - 196 :  : 'getGenericSuperclass'
 - 197 :  : 'getInstance'
 - 198 :  : 'getInterfaces'
 - 199 :  : 'getKey'
 - 200 :  : 'getMethod'
 - 201 :  : 'getMethod0'
 - 202 :  : 'getMethods'
 - 203 :  : 'getModifiers'
 - 204 :  : 'getName'
 - 205 :  : 'getName0'
 - 206 :  : 'getPackage'
 - 207 :  : 'getParameterTypes'
 - 208 :  : 'getPrimitiveClass'
 - 209 :  : 'getProtectionDomain'
 - 210 :  : 'getProtectionDomain0'
 - 211 :  : 'getRawAnnotations'
 - 212 :  : 'getReflectionFactory'
 - 213 :  : 'getResource'
 - 214 :  : 'getResourceAsStream'
 - 215 :  : 'getReturnType'
 - 216 :  : 'getSecurityManager'
 - 217 :  : 'getSigners'
 - 218 :  : 'getSimpleBinaryName'
 - 219 :  : 'getSimpleName'
 - 220 :  : 'getSuperInterfaces'
 - 221 :  : 'getSuperclass'
 - 222 :  : 'getSystemResource'
 - 223 :  : 'getSystemResourceAsStream'
 - 224 :  : 'getTargetException'
 - 225 :  : 'getTypeParameters'
 - 226 :  : 'getUnsafe'
 - 227 :  : 'getValue'
 - 228 :  : 'hasNext'
 - 229 :  : 'initAnnotationsIfNecessary'
 - 230 :  : 'initted'
 - 231 :  : 'interface '
 - 232 :  : 'intern'
 - 233 :  : 'invoke'
 - 234 :  : 'isAbstract'
 - 235 :  : 'isAncestor'
 - 236 :  : 'isAnnotation'
 - 237 :  : 'isAnnotationPresent'
 - 238 :  : 'isAnonymousClass'
 - 239 :  : 'isArray'
 - 240 :  : 'isAsciiDigit'
 - 241 :  : 'isAssignableFrom'
 - 242 :  : 'isConstructor'
 - 243 :  : 'isEnum'
 - 244 :  : 'isInherited'
 - 245 :  : 'isInstance'
 - 246 :  : 'isInterface'
 - 247 :  : 'isLocalClass'
 - 248 :  : 'isLocalOrAnonymousClass'
 - 249 :  : 'isMemberClass'
 - 250 :  : 'isMethod'
 - 251 :  : 'isPrimitive'
 - 252 :  : 'isProxyClass'
 - 253 :  : 'isSynthetic'
 - 254 :  : 'iterator'
 - 255 :  : 'java/io/ObjectStreamField'
 - 256 :  : 'java/io/Serializable'
 - 257 :  : 'java/lang/Class'
 - 258 :  : 'java/lang/Class$1'
 - 259 :  : 'java/lang/Class$2'
 - 260 :  : 'java/lang/Class$3'
 - 261 :  : 'java/lang/Class$4'
 - 262 :  : 'java/lang/Class$EnclosingMethodInfo'
 - 263 :  : 'java/lang/Class$MethodArray'
 - 264 :  : 'java/lang/ClassCastException'
 - 265 :  : 'java/lang/ClassLoader'
 - 266 :  : 'java/lang/ClassNotFoundException'
 - 267 :  : 'java/lang/ClassValue'
 - 268 :  : 'java/lang/ClassValue$ClassValueMap'
 - 269 :  : 'java/lang/Enum'
 - 270 :  : 'java/lang/IllegalAccessException'
 - 271 :  : 'java/lang/IllegalArgumentException'
 - 272 :  : 'java/lang/IndexOutOfBoundsException'
 - 273 :  : 'java/lang/InstantiationException'
 - 274 :  : 'java/lang/InternalError'
 - 275 :  : 'java/lang/NoSuchFieldException'
 - 276 :  : 'java/lang/NoSuchMethodException'
 - 277 :  : 'java/lang/NullPointerException'
 - 278 :  : 'java/lang/Object'
 - 279 :  : 'java/lang/Package'
 - 280 :  : 'java/lang/SecurityException'
 - 281 :  : 'java/lang/SecurityManager'
 - 282 :  : 'java/lang/String'
 - 283 :  : 'java/lang/StringBuilder'
 - 284 :  : 'java/lang/System'
 - 285 :  : 'java/lang/Throwable'
 - 286 :  : 'java/lang/annotation/Annotation'
 - 287 :  : 'java/lang/ref/SoftReference'
 - 288 :  : 'java/lang/reflect/AnnotatedElement'
 - 289 :  : 'java/lang/reflect/Array'
 - 290 :  : 'java/lang/reflect/Constructor'
 - 291 :  : 'java/lang/reflect/Field'
 - 292 :  : 'java/lang/reflect/GenericArrayType'
 - 293 :  : 'java/lang/reflect/GenericDeclaration'
 - 294 :  : 'java/lang/reflect/InvocationTargetException'
 - 295 :  : 'java/lang/reflect/Method'
 - 296 :  : 'java/lang/reflect/Modifier'
 - 297 :  : 'java/lang/reflect/Proxy'
 - 298 :  : 'java/lang/reflect/Type'
 - 299 :  : 'java/lang/reflect/TypeVariable'
 - 300 :  : 'java/security/AccessController'
 - 301 :  : 'java/security/Permissions'
 - 302 :  : 'java/security/ProtectionDomain'
 - 303 :  : 'java/util/ArrayList'
 - 304 :  : 'java/util/Collection'
 - 305 :  : 'java/util/HashMap'
 - 306 :  : 'java/util/HashSet'
 - 307 :  : 'java/util/Iterator'
 - 308 :  : 'java/util/List'
 - 309 :  : 'java/util/Map'
 - 310 :  : 'java/util/Map$Entry'
 - 311 :  : 'java/util/Set'
 - 312 :  : 'lastIndexOf'
 - 313 :  : 'lastRedefinedCount'
 - 314 :  : 'length'
 - 315 :  : 'make'
 - 316 :  : 'name'
 - 317 :  : 'needsPackageAccessCheck'
 - 318 :  : 'newInstance'
 - 319 :  : 'newInstance0'
 - 320 :  : 'newInstanceCallerCache'
 - 321 :  : 'next'
 - 322 :  : 'null'
 - 323 :  : 'parseAnnotations'
 - 324 :  : 'privateGetDeclaredConstructors'
 - 325 :  : 'privateGetDeclaredFields'
 - 326 :  : 'privateGetDeclaredMethods'
 - 327 :  : 'privateGetPublicFields'
 - 328 :  : 'privateGetPublicMethods'
 - 329 :  : 'publicConstructors'
 - 330 :  : 'publicFields'
 - 331 :  : 'publicMethods'
 - 332 :  : 'put'
 - 333 :  : 'putAll'
 - 334 :  : 'quickCheckMemberAccess'
 - 335 :  : 'reflectionFactory'
 - 336 :  : 'registerNatives'
 - 337 :  : 'removeByNameAndSignature'
 - 338 :  : 'replace'
 - 339 :  : 'resolveName'
 - 340 :  : 'searchFields'
 - 341 :  : 'searchMethods'
 - 342 :  : 'serialPersistentFields'
 - 343 :  : 'serialVersionUID'
 - 344 :  : 'setAnnotationType'
 - 345 :  : 'setProtectionDomain0'
 - 346 :  : 'setSigners'
 - 347 :  : 'size'
 - 348 :  : 'startsWith'
 - 349 :  : 'substring'
 - 350 :  : 'sun/misc/Unsafe'
 - 351 :  : 'sun/reflect/Reflection'
 - 352 :  : 'sun/reflect/ReflectionFactory'
 - 353 :  : 'sun/reflect/ReflectionFactory$GetReflectionFactoryAction'
 - 354 :  : 'sun/reflect/annotation/AnnotationParser'
 - 355 :  : 'sun/reflect/annotation/AnnotationType'
 - 356 :  : 'sun/reflect/generics/factory/CoreReflectionFactory'
 - 357 :  : 'sun/reflect/generics/repository/ClassRepository'
 - 358 :  : 'sun/reflect/generics/repository/ConstructorRepository'
 - 359 :  : 'sun/reflect/generics/repository/MethodRepository'
 - 360 :  : 'sun/reflect/generics/scope/ClassScope'
 - 361 :  : 'sun/reflect/misc/ReflectUtil'
 - 362 :  : 'sun/security/util/SecurityConstants'
 - 363 :  : 'throwException'
 - 364 :  : 'toArray'
 - 365 :  : 'toClass'
 - 366 :  : 'toString'
 - 367 :  : 'useCaches'
 - 368 :  : 'values'
 - 369 :  : 4096
 - 370 :  : 8192
 - 371 :  : 16384
 - 372 :  : 3206093459760846163
 - 374 :  : " to " {0xd5cb5e20}
 - 375 :  : "Cannot cast " {0xd5cb5e50}
 - 376 :  : '[Ljava/lang/Class;'
 - 377 :  : '[Ljava/lang/Object;'
 - 378 :  : '[Ljava/lang/reflect/Constructor;'
 - 379 :  : '[Ljava/lang/reflect/Field;'
 - 380 :  : '[Ljava/lang/reflect/Method;'
 - 381 :  : '[Ljava/lang/reflect/Type;'
 - 382 :  : '[Ljava/lang/reflect/TypeVariable;'
 - 383 :  : 'java/io/ObjectStreamField'
 - 384 :  : 'java/io/Serializable'
 - 385 :  : 'java/lang/Class' {0x7c415bb8}
 - 386 :  : 'java/lang/Class$1'
 - 387 :  : 'java/lang/Class$2'
 - 388 :  : 'java/lang/Class$3'
 - 389 :  : 'java/lang/Class$4'
 - 390 :  : 'java/lang/Class$EnclosingMethodInfo'
 - 391 :  : 'java/lang/Class$MethodArray'
 - 392 :  : 'java/lang/ClassCastException'
 - 393 :  : 'java/lang/ClassLoader'
 - 394 :  : 'java/lang/ClassNotFoundException'
 - 395 :  : 'java/lang/ClassValue'
 - 396 :  : 'java/lang/ClassValue$ClassValueMap'
 - 397 :  : 'java/lang/Enum'
 - 398 :  : 'java/lang/IllegalAccessException'
 - 399 :  : 'java/lang/IllegalArgumentException'
 - 400 :  : 'java/lang/IndexOutOfBoundsException'
 - 401 :  : 'java/lang/InstantiationException'
 - 402 :  : 'java/lang/InternalError'
 - 403 :  : 'java/lang/NoSuchFieldException'
 - 404 :  : 'java/lang/NoSuchMethodException'
 - 405 :  : 'java/lang/NullPointerException'
 - 406 :  : 'java/lang/Object'
 - 407 :  : 'java/lang/Package'
 - 408 :  : 'java/lang/SecurityException'
 - 409 :  : 'java/lang/SecurityManager'
 - 410 :  : 'java/lang/String'
 - 411 :  : 'java/lang/StringBuilder'
 - 412 :  : 'java/lang/System'
 - 413 :  : 'java/lang/Throwable'
 - 414 :  : 'java/lang/annotation/Annotation'
 - 415 :  : 'java/lang/ref/SoftReference'
 - 416 :  : 'java/lang/reflect/AnnotatedElement'
 - 417 :  : 'java/lang/reflect/Array'
 - 418 :  : 'java/lang/reflect/Constructor'
 - 419 :  : 'java/lang/reflect/Field'
 - 420 :  : 'java/lang/reflect/GenericArrayType'
 - 421 :  : 'java/lang/reflect/GenericDeclaration'
 - 422 :  : 'java/lang/reflect/InvocationTargetException'
 - 423 :  : 'java/lang/reflect/Method'
 - 424 :  : 'java/lang/reflect/Modifier'
 - 425 :  : 'java/lang/reflect/Proxy'
 - 426 :  : 'java/lang/reflect/Type'
 - 427 :  : 'java/lang/reflect/TypeVariable'
 - 428 :  : 'java/security/AccessController'
 - 429 :  : 'java/security/Permissions'
 - 430 :  : 'java/security/ProtectionDomain'
 - 431 :  : 'java/util/ArrayList'
 - 432 :  : 'java/util/Collection'
 - 433 :  : 'java/util/HashMap'
 - 434 :  : 'java/util/HashSet'
 - 435 :  : 'java/util/Iterator'
 - 436 :  : 'java/util/List'
 - 437 :  : 'java/util/Map'
 - 438 :  : 'java/util/Map$Entry'
 - 439 :  : 'java/util/Set'
 - 440 :  : 'sun/misc/Unsafe'
 - 441 :  : 'sun/reflect/Reflection'
 - 442 :  : 'sun/reflect/ReflectionFactory'
 - 443 :  : 'sun/reflect/ReflectionFactory$GetReflectionFactoryAction'
 - 444 :  : 'sun/reflect/annotation/AnnotationParser'
 - 445 :  : 'sun/reflect/annotation/AnnotationType'
 - 446 :  : 'sun/reflect/generics/factory/CoreReflectionFactory'
 - 447 :  : 'sun/reflect/generics/repository/ClassRepository'
 - 448 :  : 'sun/reflect/generics/repository/ConstructorRepository'
 - 449 :  : 'sun/reflect/generics/repository/MethodRepository'
 - 450 :  : 'sun/reflect/generics/scope/ClassScope'
 - 451 :  : 'sun/reflect/misc/ReflectUtil'
 - 452 :  : 'sun/security/util/SecurityConstants'
 - 453 :  : 'Ljava/lang/Class<*>;'
 - 454 :  : 'Ljava/lang/ClassValue$ClassValueMap;'
 - 455 :  : 'Ljava/lang/RuntimePermission;'
 - 456 :  : 'Ljava/lang/ref/SoftReference;'
 - 457 :  : 'Ljava/lang/reflect/Constructor;'
 - 458 :  : 'Ljava/lang/reflect/Constructor<TT;>;'
 - 459 :  : 'Ljava/security/AllPermission;'
 - 460 :  : 'Ljava/security/ProtectionDomain;'
 - 461 :  : 'Ljava/util/Map;'
 - 462 :  : 'Lsun/reflect/ReflectionFactory;'
 - 463 :  : 'Lsun/reflect/annotation/AnnotationType;'
 - 464 :  : 'Lsun/reflect/generics/repository/ClassRepository;'
 - 465 :  : '<A::Ljava/lang/annotation/Annotation;>(Ljava/lang/Class<TA;>;)TA;'
 - 466 :  : 'Ljava/util/Map<Ljava/lang/String;TT;>;'
 - 467 :  : 'Ljava/lang/ref/SoftReference<[Ljava/lang/reflect/Constructor<TT;>;>;'
 - 468 :  : 'Ljava/lang/ref/SoftReference<[Ljava/lang/reflect/Field;>;'
 - 469 :  : 'Ljava/lang/ref/SoftReference<[Ljava/lang/reflect/Method;>;'
 - 470 :  : '<U:Ljava/lang/Object;>(Ljava/lang/Class<TU;>;)Ljava/lang/Class<+TU;>;'
 - 471 :  : '<U:Ljava/lang/Object;>([Ljava/lang/reflect/Constructor<TU;>;)[Ljava/lang/reflect/Constructor<TU;>;'
 - 472 :  : 'Ljava/util/Map<Ljava/lang/Class<+Ljava/lang/annotation/Annotation;>;Ljava/lang/annotation/Annotation;>;'
 - 473 :  : '<T:Ljava/lang/Object;>Ljava/lang/Object;Ljava/io/Serializable;Ljava/lang/reflect/GenericDeclaration;Ljava/lang/reflect/Type;Ljava/lang/reflect/AnnotatedElement;'
 - 474 :  : '()Ljava/lang/Class;'
 - 475 :  : '()Ljava/lang/Class<*>;'
 - 476 :  : '()Ljava/lang/Class<-TT;>;'
 - 477 :  : '()[Ljava/lang/Class;'
 - 478 :  : '()[Ljava/lang/Class<*>;'
 - 479 :  : '(I)Ljava/lang/Class;'
 - 480 :  : '(Ljava/lang/Class;)V'
 - 481 :  : '(Ljava/lang/Class;)Z'
 - 482 :  : '(Ljava/lang/Class;I)V'
 - 483 :  : '(Ljava/lang/Class;I)Z'
 - 484 :  : '(Ljava/lang/Class<*>;)Z'
 - 485 :  : '()Ljava/lang/Class$EnclosingMethodInfo;'
 - 486 :  : '(Ljava/lang/Class$MethodArray;)V'
 - 487 :  : '()Ljava/lang/ClassLoader;'
 - 488 :  : '(ILjava/lang/ClassLoader;Z)V'
 - 489 :  : '(Ljava/lang/ClassLoader;)Z'
 - 490 :  : '()Ljava/lang/Object;'
 - 491 :  : '()[Ljava/lang/Object;'
 - 492 :  : '(Ljava/lang/Object;)TT;'
 - 493 :  : '([Ljava/lang/Object;)V'
 - 494 :  : '()Ljava/lang/Package;'
 - 495 :  : '()Ljava/lang/SecurityManager;'
 - 496 :  : '(CC)Ljava/lang/String;'
 - 497 :  : '()Ljava/lang/Throwable;'
 - 498 :  : '()[Ljava/lang/annotation/Annotation;'
 - 499 :  : '()Ljava/lang/reflect/Constructor;'
 - 500 :  : '()Ljava/lang/reflect/Constructor<*>;'
 - 501 :  : '()[Ljava/lang/reflect/Constructor;'
 - 502 :  : '()[Ljava/lang/reflect/Constructor<*>;'
 - 503 :  : '(Z)[Ljava/lang/reflect/Constructor;'
 - 504 :  : '(Z)[Ljava/lang/reflect/Constructor<TT;>;'
 - 505 :  : '()[Ljava/lang/reflect/Field;'
 - 506 :  : '(Z)[Ljava/lang/reflect/Field;'
 - 507 :  : '()Ljava/lang/reflect/Method;'
 - 508 :  : '()[Ljava/lang/reflect/Method;'
 - 509 :  : '(I)Ljava/lang/reflect/Method;'
 - 510 :  : '(Ljava/lang/reflect/Method;)V'
 - 511 :  : '(Z)[Ljava/lang/reflect/Method;'
 - 512 :  : '([Ljava/lang/reflect/Method;)V'
 - 513 :  : '()Ljava/lang/reflect/Type;'
 - 514 :  : '()[Ljava/lang/reflect/Type;'
 - 515 :  : '()[Ljava/lang/reflect/TypeVariable;'
 - 516 :  : '(Ljava/security/Permission;)V'
 - 517 :  : '()Ljava/security/ProtectionDomain;'
 - 518 :  : '(Ljava/security/ProtectionDomain;)V'
 - 519 :  : '()Ljava/util/Iterator;'
 - 520 :  : '()Ljava/util/Map;'
 - 521 :  : '(Ljava/util/Map;)V'
 - 522 :  : '()Ljava/util/Set;'
 - 523 :  : '()Lsun/misc/Unsafe;'
 - 524 :  : '()Lsun/reflect/ConstantPool;'
 - 525 :  : '()Lsun/reflect/ReflectionFactory;'
 - 526 :  : '()Lsun/reflect/annotation/AnnotationType;'
 - 527 :  : '(Lsun/reflect/annotation/AnnotationType;)V'
 - 528 :  : '()Lsun/reflect/generics/factory/GenericsFactory;'
 - 529 :  : '()Lsun/reflect/generics/repository/ClassRepository;'
 - 530 :  : '(Ljava/lang/String;)Ljava/io/InputStream;'
 - 531 :  : '(Ljava/lang/Class;)Ljava/lang/Class;'
 - 532 :  : '(Ljava/lang/ClassLoader;[Ljava/lang/Class;)V'
 - 533 :  : '(Ljava/lang/String;)Ljava/lang/Class<*>;'
 - 534 :  : '(Ljava/lang/reflect/Type;)Ljava/lang/Class;'
 - 535 :  : '(Ljava/lang/reflect/Type;)Ljava/lang/Class<*>;'
 - 536 :  : '()[Ljava/lang/reflect/TypeVariable<Ljava/lang/Class<TT;>;>;'
 - 537 :  : '([Ljava/lang/Object;Ljava/lang/Class$1;)V'
 - 538 :  : '(Ljava/lang/ClassLoader;Ljava/lang/ClassLoader;)Z'
 - 539 :  : '(Ljava/lang/Class;I)Ljava/lang/Object;'
 - 540 :  : '(Ljava/lang/Object;)Ljava/lang/Object;'
 - 541 :  : '([Ljava/lang/Object;)[Ljava/lang/Object;'
 - 542 :  : '([Ljava/lang/Object;[Ljava/lang/Object;)Z'
 - 543 :  : '(Ljava/security/PrivilegedAction;)Ljava/lang/Object;'
 - 544 :  : '(Ljava/lang/Class;)Ljava/lang/Package;'
 - 545 :  : '([Ljava/lang/Class;)Ljava/lang/String;'
 - 546 :  : '([Ljava/lang/Class<*>;)Ljava/lang/String;'
 - 547 :  : '()Ljava/util/Map<Ljava/lang/String;TT;>;'
 - 548 :  : '(Ljava/lang/String;)Ljava/lang/StringBuilder;'
 - 549 :  : '(Ljava/lang/Class;)Ljava/lang/annotation/Annotation;'
 - 550 :  : '(Ljava/lang/Class<+Ljava/lang/annotation/Annotation;>;)Z'
 - 551 :  : '(Ljava/util/Map;)[Ljava/lang/annotation/Annotation;'
 - 552 :  : '(Ljava/lang/Class;Ljava/lang/reflect/Constructor;)V'
 - 553 :  : '([Ljava/lang/Class;)Ljava/lang/reflect/Constructor;'
 - 554 :  : '([Ljava/lang/Class;I)Ljava/lang/reflect/Constructor;'
 - 555 :  : '([Ljava/lang/Class<*>;)Ljava/lang/reflect/Constructor<TT;>;'
 - 556 :  : '([Ljava/lang/Class<*>;I)Ljava/lang/reflect/Constructor<TT;>;'
 - 557 :  : '(Ljava/lang/reflect/Constructor;)Ljava/lang/reflect/Constructor;'
 - 558 :  : '([Ljava/lang/reflect/Constructor;)[Ljava/lang/reflect/Constructor;'
 - 559 :  : '(Ljava/lang/String;)Ljava/lang/reflect/Field;'
 - 560 :  : '(Ljava/lang/reflect/Field;)Ljava/lang/reflect/Field;'
 - 561 :  : '([Ljava/lang/reflect/Field;)[Ljava/lang/reflect/Field;'
 - 562 :  : '(Ljava/util/Collection;[Ljava/lang/reflect/Field;)V'
 - 563 :  : '(Ljava/util/Set;)[Ljava/lang/reflect/Field;'
 - 564 :  : '(Ljava/lang/Class;Ljava/lang/reflect/Method;)V'
 - 565 :  : '(Ljava/lang/reflect/Method;)Ljava/lang/reflect/Method;'
 - 566 :  : '([Ljava/lang/reflect/Method;)[Ljava/lang/reflect/Method;'
 - 567 :  : '(Ljava/lang/String;)Ljava/net/URL;'
 - 568 :  : '(Ljava/security/CodeSource;Ljava/security/PermissionCollection;)V'
 - 569 :  : '(Ljava/lang/Class;)Lsun/reflect/annotation/AnnotationType;'
 - 570 :  : '(Ljava/lang/Class;)Lsun/reflect/generics/scope/ClassScope;'
 - 571 :  : '(Ljava/lang/String;ZLjava/lang/ClassLoader;)Ljava/lang/Class;'
 - 572 :  : '(Ljava/lang/String;ZLjava/lang/ClassLoader;)Ljava/lang/Class<*>;'
 - 573 :  : '(Ljava/lang/Class;Ljava/lang/Class;Ljava/lang/Object;I)V'
 - 574 :  : '(Ljava/lang/Object;Ljava/lang/Object;)Ljava/lang/Object;'
 - 575 :  : '(Ljava/util/Set<Ljava/lang/Class<*>;>;)[Ljava/lang/reflect/Field;'
 - 576 :  : '([Ljava/lang/reflect/Field;Ljava/lang/String;)Ljava/lang/reflect/Field;'
 - 577 :  : '(Ljava/lang/Class;[Ljava/lang/reflect/Field;)[Ljava/lang/reflect/Field;'
 - 578 :  : '(Ljava/util/Collection<Ljava/lang/reflect/Field;>;[Ljava/lang/reflect/Field;)V'
 - 579 :  : '(Ljava/lang/String;[Ljava/lang/Class<*>;)Ljava/lang/reflect/Method;'
 - 580 :  : '(Ljava/lang/Class;[Ljava/lang/reflect/Method;)[Ljava/lang/reflect/Method;'
 - 581 :  : '([BLsun/reflect/ConstantPool;Ljava/lang/Class;)Ljava/util/Map;'
 - 582 :  : '(Ljava/lang/reflect/GenericDeclaration;Lsun/reflect/generics/scope/Scope;)Lsun/reflect/generics/factory/CoreReflectionFactory;'
 - 583 :  : '(Ljava/lang/String;Lsun/reflect/generics/factory/GenericsFactory;)Lsun/reflect/generics/repository/ClassRepository;'
 - 584 :  : '(Ljava/lang/String;Lsun/reflect/generics/factory/GenericsFactory;)Lsun/reflect/generics/repository/ConstructorRepository;'
 - 585 :  : '(Ljava/lang/String;Lsun/reflect/generics/factory/GenericsFactory;)Lsun/reflect/generics/repository/MethodRepository;'
 - 586 :  : '([Ljava/lang/reflect/Method;Ljava/lang/String;[Ljava/lang/Class;)Ljava/lang/reflect/Method;'
 - 587 :  : '([Ljava/lang/reflect/Method;Ljava/lang/String;[Ljava/lang/Class<*>;)Ljava/lang/reflect/Method;'
 - 588 :  : name_index=118 signature_index=71
 - 589 :  : name_index=313 signature_index=71
 - 590 :  : name_index=230 signature_index=82
 - 591 :  : name_index=367 signature_index=82
 - 592 :  : name_index=342 signature_index=83
 - 593 :  : name_index=320 signature_index=74
 - 594 :  : name_index=106 signature_index=75
 - 595 :  : name_index=143 signature_index=85
 - 596 :  : name_index=69 signature_index=455
 - 597 :  : name_index=70 signature_index=455
 - 598 :  : name_index=316 signature_index=76
 - 599 :  : name_index=132 signature_index=456
 - 600 :  : name_index=133 signature_index=456
 - 601 :  : name_index=134 signature_index=456
 - 602 :  : name_index=135 signature_index=456
 - 603 :  : name_index=136 signature_index=456
 - 604 :  : name_index=329 signature_index=456
 - 605 :  : name_index=330 signature_index=456
 - 606 :  : name_index=331 signature_index=456
 - 607 :  : name_index=107 signature_index=457
 - 608 :  : name_index=58 signature_index=459
 - 609 :  : name_index=99 signature_index=460
 - 610 :  : name_index=101 signature_index=461
 - 611 :  : name_index=117 signature_index=461
 - 612 :  : name_index=131 signature_index=461
 - 613 :  : name_index=142 signature_index=461
 - 614 :  : name_index=335 signature_index=462
 - 615 :  : name_index=100 signature_index=463
 - 616 :  : name_index=149 signature_index=464
 - 617 :  : name_index=203 signature_index=24
 - 618 :  : name_index=314 signature_index=24
 - 619 :  : name_index=347 signature_index=24
 - 620 :  : name_index=57 signature_index=27
 - 621 :  : name_index=111 signature_index=27
 - 622 :  : name_index=120 signature_index=27
 - 623 :  : name_index=123 signature_index=27
 - 624 :  : name_index=229 signature_index=27
 - 625 :  : name_index=336 signature_index=27
 - 626 :  : name_index=228 signature_index=28
 - 627 :  : name_index=238 signature_index=28
 - 628 :  : name_index=239 signature_index=28
 - 629 :  : name_index=242 signature_index=28
 - 630 :  : name_index=243 signature_index=28
 - 631 :  : name_index=244 signature_index=28
 - 632 :  : name_index=246 signature_index=28
 - 633 :  : name_index=248 signature_index=28
 - 634 :  : name_index=250 signature_index=28
 - 635 :  : name_index=251 signature_index=28
 - 636 :  : name_index=211 signature_index=29
 - 637 :  : name_index=240 signature_index=31
 - 638 :  : name_index=110 signature_index=32
 - 639 :  : name_index=312 signature_index=33
 - 640 :  : name_index=57 signature_index=35
 - 641 :  : name_index=234 signature_index=36
 - 642 :  : name_index=158 signature_index=474
 - 643 :  : name_index=162 signature_index=474
 - 644 :  : name_index=179 signature_index=474
 - 645 :  : name_index=181 signature_index=474
 - 646 :  : name_index=215 signature_index=474
 - 647 :  : name_index=221 signature_index=474
 - 648 :  : name_index=169 signature_index=477
 - 649 :  : name_index=198 signature_index=477
 - 650 :  : name_index=207 signature_index=477
 - 651 :  : name_index=155 signature_index=479
 - 652 :  : name_index=57 signature_index=480
 - 653 :  : name_index=138 signature_index=481
 - 654 :  : name_index=241 signature_index=481
 - 655 :  : name_index=252 signature_index=481
 - 656 :  : name_index=112 signature_index=482
 - 657 :  : name_index=334 signature_index=483
 - 658 :  : name_index=185 signature_index=485
 - 659 :  : name_index=97 signature_index=486
 - 660 :  : name_index=98 signature_index=486
 - 661 :  : name_index=156 signature_index=487
 - 662 :  : name_index=159 signature_index=487
 - 663 :  : name_index=160 signature_index=487
 - 664 :  : name_index=112 signature_index=488
 - 665 :  : name_index=235 signature_index=489
 - 666 :  : name_index=121 signature_index=490
 - 667 :  : name_index=150 signature_index=490
 - 668 :  : name_index=199 signature_index=490
 - 669 :  : name_index=227 signature_index=490
 - 670 :  : name_index=319 signature_index=490
 - 671 :  : name_index=321 signature_index=490
 - 672 :  : name_index=184 signature_index=491
 - 673 :  : name_index=187 signature_index=491
 - 674 :  : name_index=57 signature_index=39
 - 675 :  : name_index=96 signature_index=40
 - 676 :  : name_index=124 signature_index=40
 - 677 :  : name_index=144 signature_index=40
 - 678 :  : name_index=245 signature_index=40
 - 679 :  : name_index=216 signature_index=495
 - 680 :  : name_index=157 signature_index=25
 - 681 :  : name_index=180 signature_index=25
 - 682 :  : name_index=195 signature_index=25
 - 683 :  : name_index=204 signature_index=25
 - 684 :  : name_index=205 signature_index=25
 - 685 :  : name_index=218 signature_index=25
 - 686 :  : name_index=219 signature_index=25
 - 687 :  : name_index=232 signature_index=25
 - 688 :  : name_index=316 signature_index=25
 - 689 :  : name_index=366 signature_index=25
 - 690 :  : name_index=338 signature_index=496
 - 691 :  : name_index=349 signature_index=34
 - 692 :  : name_index=349 signature_index=37
 - 693 :  : name_index=312 signature_index=42
 - 694 :  : name_index=57 signature_index=45
 - 695 :  : name_index=113 signature_index=45
 - 696 :  : name_index=137 signature_index=46
 - 697 :  : name_index=348 signature_index=46
 - 698 :  : name_index=224 signature_index=497
 - 699 :  : name_index=363 signature_index=48
 - 700 :  : name_index=171 signature_index=501
 - 701 :  : name_index=172 signature_index=503
 - 702 :  : name_index=324 signature_index=503
 - 703 :  : name_index=175 signature_index=506
 - 704 :  : name_index=325 signature_index=506
 - 705 :  : name_index=154 signature_index=508
 - 706 :  : name_index=177 signature_index=508
 - 707 :  : name_index=328 signature_index=508
 - 708 :  : name_index=150 signature_index=509
 - 709 :  : name_index=337 signature_index=510
 - 710 :  : name_index=178 signature_index=511
 - 711 :  : name_index=326 signature_index=511
 - 712 :  : name_index=97 signature_index=512
 - 713 :  : name_index=192 signature_index=513
 - 714 :  : name_index=215 signature_index=513
 - 715 :  : name_index=221 signature_index=513
 - 716 :  : name_index=207 signature_index=514
 - 717 :  : name_index=220 signature_index=514
 - 718 :  : name_index=225 signature_index=515
 - 719 :  : name_index=96 signature_index=516
 - 720 :  : name_index=114 signature_index=516
 - 721 :  : name_index=210 signature_index=517
 - 722 :  : name_index=254 signature_index=519
 - 723 :  : name_index=333 signature_index=521
 - 724 :  : name_index=141 signature_index=522
 - 725 :  : name_index=226 signature_index=523
 - 726 :  : name_index=163 signature_index=524
 - 727 :  : name_index=212 signature_index=525
 - 728 :  : name_index=188 signature_index=528
 - 729 :  : name_index=193 signature_index=529
 - 730 :  : name_index=214 signature_index=530
 - 731 :  : name_index=223 signature_index=530
 - 732 :  : name_index=115 signature_index=532
 - 733 :  : name_index=365 signature_index=534
 - 734 :  : name_index=57 signature_index=537
 - 735 :  : name_index=317 signature_index=538
 - 736 :  : name_index=318 signature_index=539
 - 737 :  : name_index=150 signature_index=540
 - 738 :  : name_index=318 signature_index=50
 - 739 :  : name_index=364 signature_index=541
 - 740 :  : name_index=104 signature_index=542
 - 741 :  : name_index=139 signature_index=543
 - 742 :  : name_index=206 signature_index=544
 - 743 :  : name_index=103 signature_index=545
 - 744 :  : name_index=108 signature_index=38
 - 745 :  : name_index=339 signature_index=44
 - 746 :  : name_index=102 signature_index=548
 - 747 :  : name_index=151 signature_index=549
 - 748 :  : name_index=364 signature_index=551
 - 749 :  : name_index=57 signature_index=552
 - 750 :  : name_index=165 signature_index=554
 - 751 :  : name_index=125 signature_index=557
 - 752 :  : name_index=126 signature_index=558
 - 753 :  : name_index=190 signature_index=559
 - 754 :  : name_index=127 signature_index=560
 - 755 :  : name_index=128 signature_index=561
 - 756 :  : name_index=97 signature_index=562
 - 757 :  : name_index=327 signature_index=563
 - 758 :  : name_index=57 signature_index=564
 - 759 :  : name_index=129 signature_index=565
 - 760 :  : name_index=130 signature_index=566
 - 761 :  : name_index=213 signature_index=567
 - 762 :  : name_index=222 signature_index=567
 - 763 :  : name_index=57 signature_index=568
 - 764 :  : name_index=197 signature_index=569
 - 765 :  : name_index=315 signature_index=570
 - 766 :  : name_index=148 signature_index=571
 - 767 :  : name_index=140 signature_index=573
 - 768 :  : name_index=332 signature_index=574
 - 769 :  : name_index=233 signature_index=41
 - 770 :  : name_index=340 signature_index=576
 - 771 :  : name_index=145 signature_index=577
 - 772 :  : name_index=200 signature_index=47
 - 773 :  : name_index=201 signature_index=47
 - 774 :  : name_index=146 signature_index=580
 - 775 :  : name_index=323 signature_index=581
 - 776 :  : name_index=315 signature_index=582
 - 777 :  : name_index=315 signature_index=583
 - 778 :  : name_index=315 signature_index=584
 - 779 :  : name_index=315 signature_index=585
 - 780 :  : name_index=341 signature_index=586
 - 781 :  : klass_index=385 name_and_type_index=588
 - 782 :  : klass_index=385 name_and_type_index=589
 - 783 :  : klass_index=385 name_and_type_index=590
 - 784 :  : klass_index=385 name_and_type_index=591
 - 785 :  : klass_index=385 name_and_type_index=592
 - 786 :  : klass_index=385 name_and_type_index=593
 - 787 :  : klass_index=385 name_and_type_index=595
 - 788 :  : klass_index=385 name_and_type_index=598
 - 789 :  : klass_index=385 name_and_type_index=599
 - 790 :  : klass_index=385 name_and_type_index=600
 - 791 :  : klass_index=385 name_and_type_index=601
 - 792 :  : klass_index=385 name_and_type_index=602
 - 793 :  : klass_index=385 name_and_type_index=603
 - 794 :  : klass_index=385 name_and_type_index=604
 - 795 :  : klass_index=385 name_and_type_index=605
 - 796 :  : klass_index=385 name_and_type_index=606
 - 797 :  : klass_index=385 name_and_type_index=607
 - 798 :  : klass_index=385 name_and_type_index=609
 - 799 :  : klass_index=385 name_and_type_index=610
 - 800 :  : klass_index=385 name_and_type_index=612
 - 801 :  : klass_index=385 name_and_type_index=613
 - 802 :  : klass_index=385 name_and_type_index=614
 - 803 :  : klass_index=385 name_and_type_index=615
 - 804 :  : klass_index=385 name_and_type_index=616
 - 805 :  : klass_index=393 name_and_type_index=594
 - 806 :  : klass_index=393 name_and_type_index=611
 - 807 :  : klass_index=452 name_and_type_index=596
 - 808 :  : klass_index=452 name_and_type_index=597
 - 809 :  : klass_index=452 name_and_type_index=608
 - 810 :  : klass_index=377 name_and_type_index=666
 - 811 :  : klass_index=378 name_and_type_index=666
 - 812 :  : klass_index=385 name_and_type_index=617
 - 813 :  : klass_index=385 name_and_type_index=621
 - 814 :  : klass_index=385 name_and_type_index=622
 - 815 :  : klass_index=385 name_and_type_index=624
 - 816 :  : klass_index=385 name_and_type_index=625
 - 817 :  : klass_index=385 name_and_type_index=627
 - 818 :  : klass_index=385 name_and_type_index=628
 - 819 :  : klass_index=385 name_and_type_index=630
 - 820 :  : klass_index=385 name_and_type_index=632
 - 821 :  : klass_index=385 name_and_type_index=633
 - 822 :  : klass_index=385 name_and_type_index=635
 - 823 :  : klass_index=385 name_and_type_index=636
 - 824 :  : klass_index=385 name_and_type_index=637
 - 825 :  : klass_index=385 name_and_type_index=643
 - 826 :  : klass_index=385 name_and_type_index=644
 - 827 :  : klass_index=385 name_and_type_index=645
 - 828 :  : klass_index=385 name_and_type_index=647
 - 829 :  : klass_index=385 name_and_type_index=648
 - 830 :  : klass_index=385 name_and_type_index=649
 - 831 :  : klass_index=385 name_and_type_index=653
 - 832 :  : klass_index=385 name_and_type_index=654
 - 833 :  : klass_index=385 name_and_type_index=658
 - 834 :  : klass_index=385 name_and_type_index=662
 - 835 :  : klass_index=385 name_and_type_index=663
 - 836 :  : klass_index=385 name_and_type_index=664
 - 837 :  : klass_index=385 name_and_type_index=670
 - 838 :  : klass_index=385 name_and_type_index=672
 - 839 :  : klass_index=385 name_and_type_index=673
 - 840 :  : klass_index=385 name_and_type_index=678
 - 841 :  : klass_index=385 name_and_type_index=680
 - 842 :  : klass_index=385 name_and_type_index=682
 - 843 :  : klass_index=385 name_and_type_index=683
 - 844 :  : klass_index=385 name_and_type_index=684
 - 845 :  : klass_index=385 name_and_type_index=685
 - 846 :  : klass_index=385 name_and_type_index=686
 - 847 :  : klass_index=385 name_and_type_index=689
 - 848 :  : klass_index=385 name_and_type_index=700
 - 849 :  : klass_index=385 name_and_type_index=701
 - 850 :  : klass_index=385 name_and_type_index=702
 - 851 :  : klass_index=385 name_and_type_index=703
 - 852 :  : klass_index=385 name_and_type_index=704
 - 853 :  : klass_index=385 name_and_type_index=706
 - 854 :  : klass_index=385 name_and_type_index=707
 - 855 :  : klass_index=385 name_and_type_index=710
 - 856 :  : klass_index=385 name_and_type_index=711
 - 857 :  : klass_index=385 name_and_type_index=721
 - 858 :  : klass_index=385 name_and_type_index=726
 - 859 :  : klass_index=385 name_and_type_index=727
 - 860 :  : klass_index=385 name_and_type_index=728
 - 861 :  : klass_index=385 name_and_type_index=729
 - 862 :  : klass_index=385 name_and_type_index=733
 - 863 :  : klass_index=385 name_and_type_index=740
 - 864 :  : klass_index=385 name_and_type_index=743
 - 865 :  : klass_index=385 name_and_type_index=744
 - 866 :  : klass_index=385 name_and_type_index=745
 - 867 :  : klass_index=385 name_and_type_index=747
 - 868 :  : klass_index=385 name_and_type_index=750
 - 869 :  : klass_index=385 name_and_type_index=752
 - 870 :  : klass_index=385 name_and_type_index=753
 - 871 :  : klass_index=385 name_and_type_index=755
 - 872 :  : klass_index=385 name_and_type_index=756
 - 873 :  : klass_index=385 name_and_type_index=757
 - 874 :  : klass_index=385 name_and_type_index=760
 - 875 :  : klass_index=385 name_and_type_index=766
 - 876 :  : klass_index=385 name_and_type_index=770
 - 877 :  : klass_index=385 name_and_type_index=772
 - 878 :  : klass_index=385 name_and_type_index=773
 - 879 :  : klass_index=385 name_and_type_index=780
 - 880 :  : klass_index=386 name_and_type_index=749
 - 881 :  : klass_index=387 name_and_type_index=652
 - 882 :  : klass_index=388 name_and_type_index=620
 - 883 :  : klass_index=389 name_and_type_index=758
 - 884 :  : klass_index=390 name_and_type_index=629
 - 885 :  : klass_index=390 name_and_type_index=634
 - 886 :  : klass_index=390 name_and_type_index=645
 - 887 :  : klass_index=390 name_and_type_index=681
 - 888 :  : klass_index=390 name_and_type_index=683
 - 889 :  : klass_index=390 name_and_type_index=734
 - 890 :  : klass_index=391 name_and_type_index=618
 - 891 :  : klass_index=391 name_and_type_index=620
 - 892 :  : klass_index=391 name_and_type_index=623
 - 893 :  : klass_index=391 name_and_type_index=659
 - 894 :  : klass_index=391 name_and_type_index=660
 - 895 :  : klass_index=391 name_and_type_index=705
 - 896 :  : klass_index=391 name_and_type_index=708
 - 897 :  : klass_index=391 name_and_type_index=709
 - 898 :  : klass_index=391 name_and_type_index=712
 - 899 :  : klass_index=392 name_and_type_index=694
 - 900 :  : klass_index=393 name_and_type_index=661
 - 901 :  : klass_index=393 name_and_type_index=665
 - 902 :  : klass_index=393 name_and_type_index=696
 - 903 :  : klass_index=393 name_and_type_index=730
 - 904 :  : klass_index=393 name_and_type_index=731
 - 905 :  : klass_index=393 name_and_type_index=761
 - 906 :  : klass_index=393 name_and_type_index=762
 - 907 :  : klass_index=397 name_and_type_index=688
 - 908 :  : klass_index=398 name_and_type_index=694
 - 909 :  : klass_index=399 name_and_type_index=694
 - 910 :  : klass_index=401 name_and_type_index=694
 - 911 :  : klass_index=402 name_and_type_index=694
 - 912 :  : klass_index=403 name_and_type_index=694
 - 913 :  : klass_index=404 name_and_type_index=694
 - 914 :  : klass_index=405 name_and_type_index=620
 - 915 :  : klass_index=406 name_and_type_index=620
 - 916 :  : klass_index=406 name_and_type_index=642
 - 917 :  : klass_index=406 name_and_type_index=677
 - 918 :  : klass_index=407 name_and_type_index=742
 - 919 :  : klass_index=409 name_and_type_index=656
 - 920 :  : klass_index=409 name_and_type_index=695
 - 921 :  : klass_index=409 name_and_type_index=720
 - 922 :  : klass_index=410 name_and_type_index=618
 - 923 :  : klass_index=410 name_and_type_index=638
 - 924 :  : klass_index=410 name_and_type_index=639
 - 925 :  : klass_index=410 name_and_type_index=677
 - 926 :  : klass_index=410 name_and_type_index=687
 - 927 :  : klass_index=410 name_and_type_index=690
 - 928 :  : klass_index=410 name_and_type_index=691
 - 929 :  : klass_index=410 name_and_type_index=692
 - 930 :  : klass_index=410 name_and_type_index=693
 - 931 :  : klass_index=410 name_and_type_index=697
 - 932 :  : klass_index=411 name_and_type_index=620
 - 933 :  : klass_index=411 name_and_type_index=689
 - 934 :  : klass_index=411 name_and_type_index=746
 - 935 :  : klass_index=412 name_and_type_index=679
 - 936 :  : klass_index=415 name_and_type_index=667
 - 937 :  : klass_index=415 name_and_type_index=674
 - 938 :  : klass_index=417 name_and_type_index=736
 - 939 :  : klass_index=418 name_and_type_index=617
 - 940 :  : klass_index=418 name_and_type_index=650
 - 941 :  : klass_index=418 name_and_type_index=738
 - 942 :  : klass_index=419 name_and_type_index=683
 - 943 :  : klass_index=422 name_and_type_index=698
 - 944 :  : klass_index=423 name_and_type_index=617
 - 945 :  : klass_index=423 name_and_type_index=646
 - 946 :  : klass_index=423 name_and_type_index=650
 - 947 :  : klass_index=423 name_and_type_index=683
 - 948 :  : klass_index=423 name_and_type_index=769
 - 949 :  : klass_index=424 name_and_type_index=641
 - 950 :  : klass_index=425 name_and_type_index=655
 - 951 :  : klass_index=428 name_and_type_index=741
 - 952 :  : klass_index=429 name_and_type_index=620
 - 953 :  : klass_index=429 name_and_type_index=719
 - 954 :  : klass_index=430 name_and_type_index=763
 - 955 :  : klass_index=431 name_and_type_index=620
 - 956 :  : klass_index=433 name_and_type_index=620
 - 957 :  : klass_index=433 name_and_type_index=640
 - 958 :  : klass_index=434 name_and_type_index=620
 - 959 :  : klass_index=440 name_and_type_index=699
 - 960 :  : klass_index=440 name_and_type_index=725
 - 961 :  : klass_index=441 name_and_type_index=651
 - 962 :  : klass_index=441 name_and_type_index=657
 - 963 :  : klass_index=441 name_and_type_index=767
 - 964 :  : klass_index=441 name_and_type_index=771
 - 965 :  : klass_index=441 name_and_type_index=774
 - 966 :  : klass_index=442 name_and_type_index=751
 - 967 :  : klass_index=442 name_and_type_index=754
 - 968 :  : klass_index=442 name_and_type_index=759
 - 969 :  : klass_index=443 name_and_type_index=620
 - 970 :  : klass_index=444 name_and_type_index=748
 - 971 :  : klass_index=444 name_and_type_index=775
 - 972 :  : klass_index=445 name_and_type_index=631
 - 973 :  : klass_index=445 name_and_type_index=764
 - 974 :  : klass_index=446 name_and_type_index=776
 - 975 :  : klass_index=447 name_and_type_index=715
 - 976 :  : klass_index=447 name_and_type_index=717
 - 977 :  : klass_index=447 name_and_type_index=718
 - 978 :  : klass_index=447 name_and_type_index=777
 - 979 :  : klass_index=448 name_and_type_index=716
 - 980 :  : klass_index=448 name_and_type_index=778
 - 981 :  : klass_index=449 name_and_type_index=714
 - 982 :  : klass_index=449 name_and_type_index=716
 - 983 :  : klass_index=449 name_and_type_index=779
 - 984 :  : klass_index=450 name_and_type_index=765
 - 985 :  : klass_index=451 name_and_type_index=732
 - 986 :  : klass_index=451 name_and_type_index=735
 - 987 :  : klass_index=420 name_and_type_index=713
 - 988 :  : klass_index=432 name_and_type_index=675
 - 989 :  : klass_index=435 name_and_type_index=626
 - 990 :  : klass_index=435 name_and_type_index=671
 - 991 :  : klass_index=436 name_and_type_index=619
 - 992 :  : klass_index=436 name_and_type_index=739
 - 993 :  : klass_index=437 name_and_type_index=723
 - 994 :  : klass_index=437 name_and_type_index=724
 - 995 :  : klass_index=437 name_and_type_index=737
 - 996 :  : klass_index=437 name_and_type_index=768
 - 997 :  : klass_index=438 name_and_type_index=668
 - 998 :  : klass_index=438 name_and_type_index=669
 - 999 :  : klass_index=439 name_and_type_index=675
 - 1000 :  : klass_index=439 name_and_type_index=676
 - 1001 :  : klass_index=439 name_and_type_index=722
 - 1002 :  : 'ClassValueMap'
 - 1003 :  : 'EnclosingMethodInfo'
 - 1004 :  : 'GetReflectionFactoryAction'
 - 1005 :  : 'MethodArray'

R9 =0xfffffffff67f0000 is an unknown value
R10=0x000000000000000c is an unknown value
R11=0x00000000e4d2746c is an unknown value
R12=0x0000000063d73220 is an unknown value
R13=0x0000000000000016 is an unknown value
R14=0x0000000000000000 is an unknown value
R15=0x0000000000000017 is an unknown value


Stack: [0x0000000002490000,0x0000000002590000],  sp=0x000000000258f0c0,  free space=1020k
Native frames: (J=compiled Java code, j=interpreted, Vv=VM code, C=native code)
V  [jvm.dll+0x112a4b]

Java frames: (J=compiled Java code, j=interpreted, Vv=VM code)
j  java.lang.Class.registerNatives()V+0
j  java.lang.Class.<clinit>()V+0
v  ~StubRoutines::call_stub

---------------  P R O C E S S  ---------------

Java Threads: ( => current thread )
  0x0000000002174800 JavaThread "Finalizer" daemon [_thread_blocked, id=7792, stack(0x000000000c700000,0x000000000c800000)]
  0x000000000216d800 JavaThread "Reference Handler" daemon [_thread_blocked, id=4428, stack(0x000000000c920000,0x000000000ca20000)]
=>0x000000000226c800 JavaThread "main" [_thread_in_vm, id=4772, stack(0x0000000002490000,0x0000000002590000)]

Other Threads:
  0x000000000b823800 VMThread [stack: 0x000000000c810000,0x000000000c910000] [id=3948]

VM state:not at safepoint (normal execution)

VM Mutex/Monitor currently owned by a thread: None

Heap
 PSYoungGen      total 37824K, used 649K [0x00000007d5cb0000, 0x00000007d86e0000, 0x0000000800000000)
  eden space 32448K, 2% used [0x00000007d5cb0000,0x00000007d5d52440,0x00000007d7c60000)
  from space 5376K, 0% used [0x00000007d81a0000,0x00000007d81a0000,0x00000007d86e0000)
  to   space 5376K, 0% used [0x00000007d7c60000,0x00000007d7c60000,0x00000007d81a0000)
 ParOldGen       total 86400K, used 0K [0x0000000781600000, 0x0000000786a60000, 0x00000007d5cb0000)
  object space 86400K, 0% used [0x0000000781600000,0x0000000781600000,0x0000000786a60000)
 PSPermGen       total 21248K, used 821K [0x000000077c400000, 0x000000077d8c0000, 0x0000000781600000)
  object space 21248K, 3% used [0x000000077c400000,0x000000077c4cd600,0x000000077d8c0000)

Card table byte_map: [0x0000000005590000,0x00000000059b0000] byte_map_base: 0x00000000019ae000

Polling page: 0x0000000000140000

Code Cache  [0x0000000002590000, 0x0000000002800000, 0x0000000005590000)
 total_blobs=62 nmethods=0 adapters=37 free_code_cache=48825Kb largest_free_block=49997056

Compilation events (0 events):
No events

GC Heap History (0 events):
No events

Deoptimization events (0 events):
No events

Internal exceptions (0 events):
No events

Events (10 events):
Event: 0.017 Thread 0x000000000216d800 Thread added: 0x000000000216d800
Event: 0.017 loading class 0x000000000213e2e0
Event: 0.017 loading class 0x000000000213e2e0 done
Event: 0.017 loading class 0x000000000216c9b0
Event: 0.017 loading class 0x000000000216c9b0 done
Event: 0.017 loading class 0x000000000216c970
Event: 0.017 loading class 0x000000000216c970 done
Event: 0.017 loading class 0x000000000213d280
Event: 0.017 loading class 0x000000000213d280 done
Event: 0.017 Thread 0x0000000002174800 Thread added: 0x0000000002174800


Dynamic libraries:
0x000000013fad0000 - 0x000000013fb03000 	C:\Windows\system32\java.exe
0x0000000077300000 - 0x00000000774ac000 	C:\Windows\SYSTEM32\ntdll.dll
0x00000000770e0000 - 0x00000000771ff000 	C:\Windows\system32\kernel32.dll
0x000007fefd560000 - 0x000007fefd5cb000 	C:\Windows\system32\KERNELBASE.dll
0x000007feff1d0000 - 0x000007feff2ab000 	C:\Windows\system32\ADVAPI32.dll
0x000007fefef70000 - 0x000007feff00f000 	C:\Windows\system32\msvcrt.dll
0x000007feff0f0000 - 0x000007feff10f000 	C:\Windows\SYSTEM32\sechost.dll
0x000007fefdae0000 - 0x000007fefdc0e000 	C:\Windows\system32\RPCRT4.dll
0x0000000077200000 - 0x00000000772fa000 	C:\Windows\system32\USER32.dll
0x000007feff110000 - 0x000007feff177000 	C:\Windows\system32\GDI32.dll
0x000007fefd9a0000 - 0x000007fefd9ae000 	C:\Windows\system32\LPK.dll
0x000007fefd810000 - 0x000007fefd8da000 	C:\Windows\system32\USP10.dll
0x000007fefba30000 - 0x000007fefbc24000 	C:\Windows\WinSxS\amd64_microsoft.windows.common-controls_6595b64144ccf1df_6.0.7600.16661_none_fa62ad231704eab7\COMCTL32.dll
0x000007feff590000 - 0x000007feff601000 	C:\Windows\system32\SHLWAPI.dll
0x000007fefef40000 - 0x000007fefef6e000 	C:\Windows\system32\IMM32.DLL
0x000007fefec60000 - 0x000007fefed69000 	C:\Windows\system32\MSCTF.dll
0x0000000060460000 - 0x0000000060531000 	C:\Program Files\Java\jre7\bin\msvcr100.dll
0x000000005adc0000 - 0x000000005b4df000 	C:\Program Files\Java\jre7\bin\server\jvm.dll
0x000007fef8620000 - 0x000007fef8629000 	C:\Windows\system32\WSOCK32.dll
0x000007feff180000 - 0x000007feff1cd000 	C:\Windows\system32\WS2_32.dll
0x000007fefdec0000 - 0x000007fefdec8000 	C:\Windows\system32\NSI.dll
0x000007fefae90000 - 0x000007fefaecb000 	C:\Windows\system32\WINMM.dll
0x00000000774c0000 - 0x00000000774c7000 	C:\Windows\system32\PSAPI.DLL
0x0000000073cc0000 - 0x0000000073ccf000 	C:\Program Files\Java\jre7\bin\verify.dll
0x0000000063d50000 - 0x0000000063d78000 	C:\Program Files\Java\jre7\bin\java.dll
0x0000000063d30000 - 0x0000000063d45000 	C:\Program Files\Java\jre7\bin\zip.dll
0x000007fef9bd0000 - 0x000007fef9cf5000 	C:\Windows\system32\dbghelp.dll

VM Arguments:
java_command: <unknown>
Launcher Type: SUN_STANDARD

Environment Variables:
PATH=C:\Program Files\Common Files\Microsoft Shared\Windows Live;C:\Program Files (x86)\Common Files\Microsoft Shared\Windows Live;C:\Windows\system32;C:\Windows;C:\Windows\System32\Wbem;C:\Windows\System32\WindowsPowerShell\v1.0\;C:\Program Files (x86)\Windows Live\Shared;C:\Windows\SysWOW64;C:\Program Files (x86)\QuickTime\QTSystem\;C:\Program Files (x86)\Microsoft SQL Server\100\Tools\Binn\;C:\Program Files\Microsoft SQL Server\100\Tools\Binn\;C:\Program Files\Microsoft SQL Server\100\DTS\Binn\;C:\Program Files\TortoiseHg\
USERNAME=Abdurrahman Hijazi
OS=Windows_NT
PROCESSOR_IDENTIFIER=Intel64 Family 6 Model 42 Stepping 7, GenuineIntel



---------------  S Y S T E M  ---------------

OS: Windows 7 , 64 bit Build 7600 

CPU:total 4 (4 cores per cpu, 1 threads per core) family 6 model 42 stepping 7, cmov, cx8, fxsr, mmx, sse, sse2, sse3, ssse3, sse4.1, sse4.2, popcnt, tsc, tscinvbit

Memory: 4k page, physical 8292896k(4020600k free), swap 16583896k(11351660k free)

vm_info: Java HotSpot(TM) 64-Bit Server VM (23.7-b01) for windows-amd64 JRE (1.7.0_17-b02), built on Mar  1 2013 03:38:30 by "java_re" with unknown MS VC++:1600

time: Tue Mar 03 20:12:07 2015
elapsed time: 0 seconds

