#
# A fatal error has been detected by the Java Runtime Environment:
#
#  EXCEPTION_ACCESS_VIOLATION (0xc0000005) at pc=0x00000000072cf750, pid=8104, tid=8028
#
# JRE version: 7.0_17-b02
# Java VM: Java HotSpot(TM) 64-Bit Server VM (23.7-b01 mixed mode windows-amd64 compressed oops)
# Problematic frame:
# C  0x00000000072cf750
#
# Failed to write core dump. Minidumps are not enabled by default on client versions of Windows
#
# If you would like to submit a bug report, please visit:
#   http://bugreport.sun.com/bugreport/crash.jsp
# The crash happened outside the Java Virtual Machine in native code.
# See problematic frame for where to report the bug.
#

---------------  T H R E A D  ---------------

Current thread (0x0000000001d3c800):  JavaThread "main" [_thread_in_native, id=8028, stack(0x0000000002150000,0x0000000002250000)]

siginfo: ExceptionCode=0xc0000005, ExceptionInformation=0x0000000000000008 0x00000000072cf750

Registers:
RAX=0x00000000072cf750, RBX=0x000000077c4147c8, RCX=0x0000000001d3c9d8, RDX=0x000000000224e180
RSP=0x000000000224e0f8, RBP=0x000000000224e170, RSI=0x0000000001d3c800, RDI=0x00000000023c63d3
R8 =0x000000000224e190, R9 =0x0000000000000000, R10=0x00000000023d237c, R11=0x0000000051fa1f50
R12=0x0000000000000000, R13=0x000000077c4147c8, R14=0x000000000224e190, R15=0x0000000001d3c800
RIP=0x00000000072cf750, EFLAGS=0x0000000000010287

Top of Stack: (sp=0x000000000224e0f8)
0x000000000224e0f8:   00000000023d23a8 000000000224e168
0x000000000224e108:   00000000023c63d3 0000000000000000
0x000000000224e118:   00000000023cf1db 0000000001d3c800
0x000000000224e128:   000000000224e200 000000000224e130
0x000000000224e138:   000000077c4147c8 000000000224e190
0x000000000224e148:   000000077c4cba40 0000000000000000
0x000000000224e158:   000000077c4147c8 0000000000000000
0x000000000224e168:   000000000224e190 000000000224e1d8
0x000000000224e178:   00000000023c64f0 00000007d5cb0b78
0x000000000224e188:   00000000023cf1c0 00000007d5cb0da0
0x000000000224e198:   000000000224e198 000000077c4146ca
0x000000000224e1a8:   000000000224e200 000000077c4cba40
0x000000000224e1b8:   0000000000000000 000000077c4146f8
0x000000000224e1c8:   000000000224e190 000000000224e200
0x000000000224e1d8:   000000000224e248 00000000023c64f0
0x000000000224e1e8:   0000000000000000 0000000000000000 

Instructions: (pc=0x00000000072cf750)
0x00000000072cf730:   00 00 00 00 00 00 00 00 00 00 00 00 00 00 00 00
0x00000000072cf740:   00 00 00 00 00 00 00 00 00 00 00 00 00 00 00 00
0x00000000072cf750:   00 00 00 00 00 00 00 00 00 00 00 00 00 00 00 00
0x00000000072cf760:   00 00 00 00 00 00 00 00 00 00 00 00 00 00 00 00 


Register to memory mapping:

RAX=0x00000000072cf750 is an unknown value
RBX=0x000000077c4147c8 is an oop
{method} 
 - klass: {other class}
RCX=0x0000000001d3c9d8 is an unknown value
RDX=0x000000000224e180 is pointing into the stack for thread: 0x0000000001d3c800
RSP=0x000000000224e0f8 is pointing into the stack for thread: 0x0000000001d3c800
RBP=0x000000000224e170 is pointing into the stack for thread: 0x0000000001d3c800
RSI=0x0000000001d3c800 is a thread
RDI=0x00000000023c63d3 is an Interpreter codelet
return entry points  [0x00000000023c5820, 0x00000000023c7620]  7680 bytes
R8 =0x000000000224e190 is pointing into the stack for thread: 0x0000000001d3c800
R9 =0x0000000000000000 is an unknown value
R10=0x00000000023d237c is an Interpreter codelet
method entry point (kind = native)  [0x00000000023d2100, 0x00000000023d2980]  2176 bytes
R11=0x0000000051fa1f50 is an unknown value
R12=0x0000000000000000 is an unknown value
R13=0x000000077c4147c8 is an oop
{method} 
 - klass: {other class}
R14=0x000000000224e190 is pointing into the stack for thread: 0x0000000001d3c800
R15=0x0000000001d3c800 is a thread


Stack: [0x0000000002150000,0x0000000002250000],  sp=0x000000000224e0f8,  free space=1016k
Native frames: (J=compiled Java code, j=interpreted, Vv=VM code, C=native code)
C  0x00000000072cf750
j  java.lang.Class.desiredAssertionStatus()Z+10
j  java.lang.Throwable.<clinit>()V+3
v  ~StubRoutines::call_stub
V  [jvm.dll+0x1ae734]

Java frames: (J=compiled Java code, j=interpreted, Vv=VM code)
j  java.lang.Class.desiredAssertionStatus0(Ljava/lang/Class;)Z+0
j  java.lang.Class.desiredAssertionStatus()Z+10
j  java.lang.Throwable.<clinit>()V+3
v  ~StubRoutines::call_stub
j  java.lang.Class.registerNatives()V+0
j  java.lang.Class.<clinit>()V+0
v  ~StubRoutines::call_stub

---------------  P R O C E S S  ---------------

Java Threads: ( => current thread )
  0x0000000002144800 JavaThread "Finalizer" daemon [_thread_blocked, id=6288, stack(0x000000000c7d0000,0x000000000c8d0000)]
  0x000000000213d800 JavaThread "Reference Handler" daemon [_thread_blocked, id=7944, stack(0x000000000c970000,0x000000000ca70000)]
=>0x0000000001d3c800 JavaThread "main" [_thread_in_native, id=8028, stack(0x0000000002150000,0x0000000002250000)]

Other Threads:
  0x000000000b763800 VMThread [stack: 0x000000000c6c0000,0x000000000c7c0000] [id=7328]

VM state:not at safepoint (normal execution)

VM Mutex/Monitor currently owned by a thread: None

Heap
 PSYoungGen      total 37824K, used 649K [0x00000007d5cb0000, 0x00000007d86e0000, 0x0000000800000000)
  eden space 32448K, 2% used [0x00000007d5cb0000,0x00000007d5d52440,0x00000007d7c60000)
  from space 5376K, 0% used [0x00000007d81a0000,0x00000007d81a0000,0x00000007d86e0000)
  to   space 5376K, 0% used [0x00000007d7c60000,0x00000007d7c60000,0x00000007d81a0000)
 ParOldGen       total 86400K, used 0K [0x0000000781600000, 0x0000000786a60000, 0x00000007d5cb0000)
  object space 86400K, 0% used [0x0000000781600000,0x0000000781600000,0x0000000786a60000)
 PSPermGen       total 21248K, used 824K [0x000000077c400000, 0x000000077d8c0000, 0x0000000781600000)
  object space 21248K, 3% used [0x000000077c400000,0x000000077c4ce2d0,0x000000077d8c0000)

Card table byte_map: [0x00000000053c0000,0x00000000057e0000] byte_map_base: 0x00000000017de000

Polling page: 0x0000000000340000

Code Cache  [0x00000000023c0000, 0x0000000002630000, 0x00000000053c0000)
 total_blobs=62 nmethods=0 adapters=37 free_code_cache=48825Kb largest_free_block=49997056

Compilation events (0 events):
No events

GC Heap History (0 events):
No events

Deoptimization events (0 events):
No events

Internal exceptions (0 events):
No events

Events (10 events):
Event: 0.031 loading class 0x000000000213c9b0 done
Event: 0.031 loading class 0x000000000213c970
Event: 0.031 loading class 0x000000000213c970 done
Event: 0.031 loading class 0x000000000210d280
Event: 0.031 loading class 0x000000000210d280 done
Event: 0.031 Thread 0x0000000002144800 Thread added: 0x0000000002144800
Event: 0.031 loading class 0x00000000020d2230
Event: 0.045 loading class 0x0000000002092070
Event: 0.045 loading class 0x0000000002092070 done
Event: 0.045 loading class 0x00000000020d2230 done


Dynamic libraries:
0x000000013fdb0000 - 0x000000013fde3000 	C:\Windows\system32\java.exe
0x00000000772b0000 - 0x000000007745c000 	C:\Windows\SYSTEM32\ntdll.dll
0x0000000077190000 - 0x00000000772af000 	C:\Windows\system32\kernel32.dll
0x000007fefd320000 - 0x000007fefd38b000 	C:\Windows\system32\KERNELBASE.dll
0x000007fefdd80000 - 0x000007fefde5b000 	C:\Windows\system32\ADVAPI32.dll
0x000007fefdfd0000 - 0x000007fefe06f000 	C:\Windows\system32\msvcrt.dll
0x000007fefd5e0000 - 0x000007fefd5ff000 	C:\Windows\SYSTEM32\sechost.dll
0x000007fefd600000 - 0x000007fefd72e000 	C:\Windows\system32\RPCRT4.dll
0x0000000077090000 - 0x000000007718a000 	C:\Windows\system32\USER32.dll
0x000007fefe070000 - 0x000007fefe0d7000 	C:\Windows\system32\GDI32.dll
0x000007feff5b0000 - 0x000007feff5be000 	C:\Windows\system32\LPK.dll
0x000007fefe100000 - 0x000007fefe1ca000 	C:\Windows\system32\USP10.dll
0x000007fefbc70000 - 0x000007fefbe64000 	C:\Windows\WinSxS\amd64_microsoft.windows.common-controls_6595b64144ccf1df_6.0.7600.16661_none_fa62ad231704eab7\COMCTL32.dll
0x000007fefdf50000 - 0x000007fefdfc1000 	C:\Windows\system32\SHLWAPI.dll
0x000007feff580000 - 0x000007feff5ae000 	C:\Windows\system32\IMM32.DLL
0x000007feff340000 - 0x000007feff449000 	C:\Windows\system32\MSCTF.dll
0x000000006a180000 - 0x000000006a251000 	C:\Program Files\Java\jre7\bin\msvcr100.dll
0x0000000051de0000 - 0x00000000524ff000 	C:\Program Files\Java\jre7\bin\server\jvm.dll
0x000007fef3450000 - 0x000007fef3459000 	C:\Windows\system32\WSOCK32.dll
0x000007fefd820000 - 0x000007fefd86d000 	C:\Windows\system32\WS2_32.dll
0x000007fefd810000 - 0x000007fefd818000 	C:\Windows\system32\NSI.dll
0x000007fefb1c0000 - 0x000007fefb1fb000 	C:\Windows\system32\WINMM.dll
0x0000000077480000 - 0x0000000077487000 	C:\Windows\system32\PSAPI.DLL
0x0000000074840000 - 0x000000007484f000 	C:\Program Files\Java\jre7\bin\verify.dll
0x0000000074810000 - 0x0000000074838000 	C:\Program Files\Java\jre7\bin\java.dll
0x00000000747f0000 - 0x0000000074805000 	C:\Program Files\Java\jre7\bin\zip.dll
0x000007fef9a50000 - 0x000007fef9b75000 	C:\Windows\system32\dbghelp.dll

VM Arguments:
java_command: <unknown>
Launcher Type: SUN_STANDARD

Environment Variables:
PATH=C:\Program Files\Common Files\Microsoft Shared\Windows Live;C:\Program Files (x86)\Common Files\Microsoft Shared\Windows Live;C:\Windows\system32;C:\Windows;C:\Windows\System32\Wbem;C:\Windows\System32\WindowsPowerShell\v1.0\;C:\Program Files (x86)\Windows Live\Shared;C:\Windows\SysWOW64;C:\Program Files (x86)\QuickTime\QTSystem\;C:\Program Files (x86)\Microsoft SQL Server\100\Tools\Binn\;C:\Program Files\Microsoft SQL Server\100\Tools\Binn\;C:\Program Files\Microsoft SQL Server\100\DTS\Binn\;C:\Program Files\TortoiseHg\
USERNAME=Abdurrahman Hijazi
OS=Windows_NT
PROCESSOR_IDENTIFIER=Intel64 Family 6 Model 42 Stepping 7, GenuineIntel



---------------  S Y S T E M  ---------------

OS: Windows 7 , 64 bit Build 7600 

CPU:total 4 (4 cores per cpu, 1 threads per core) family 6 model 42 stepping 7, cmov, cx8, fxsr, mmx, sse, sse2, sse3, ssse3, sse4.1, sse4.2, popcnt, tsc, tscinvbit

Memory: 4k page, physical 8292896k(3158692k free), swap 16583896k(10515796k free)

vm_info: Java HotSpot(TM) 64-Bit Server VM (23.7-b01) for windows-amd64 JRE (1.7.0_17-b02), built on Mar  1 2013 03:38:30 by "java_re" with unknown MS VC++:1600

time: Mon Mar 16 12:21:26 2015
elapsed time: 0 seconds

