#
# A fatal error has been detected by the Java Runtime Environment:
#
#  EXCEPTION_ACCESS_VIOLATION (0xc0000005) at pc=0x000000000756f750, pid=1436, tid=7208
#
# JRE version: 7.0_17-b02
# Java VM: Java HotSpot(TM) 64-Bit Server VM (23.7-b01 mixed mode windows-amd64 compressed oops)
# Problematic frame:
# C  0x000000000756f750
#
# Failed to write core dump. Minidumps are not enabled by default on client versions of Windows
#
# If you would like to submit a bug report, please visit:
#   http://bugreport.sun.com/bugreport/crash.jsp
# The crash happened outside the Java Virtual Machine in native code.
# See problematic frame for where to report the bug.
#

---------------  T H R E A D  ---------------

Current thread (0x000000000229c800):  JavaThread "main" [_thread_in_native, id=7208, stack(0x00000000022e0000,0x00000000023e0000)]

siginfo: ExceptionCode=0xc0000005, ExceptionInformation=0x0000000000000008 0x000000000756f750

Registers:
RAX=0x000000000756f750, RBX=0x000000077c4147c8, RCX=0x000000000229c9d8, RDX=0x00000000023dde70
RSP=0x00000000023ddde8, RBP=0x00000000023dde60, RSI=0x000000000229c800, RDI=0x00000000024863d3
R8 =0x00000000023dde80, R9 =0x0000000000000000, R10=0x000000000249237c, R11=0x0000000058fe1f50
R12=0x0000000000000000, R13=0x000000077c4147c8, R14=0x00000000023dde80, R15=0x000000000229c800
RIP=0x000000000756f750, EFLAGS=0x0000000000010287

Top of Stack: (sp=0x00000000023ddde8)
0x00000000023ddde8:   00000000024923a8 00000000023dde58
0x00000000023dddf8:   00000000024863d3 0000000000000000
0x00000000023dde08:   000000000248f1db 000000000229c800
0x00000000023dde18:   00000000023ddef0 00000000023dde20
0x00000000023dde28:   000000077c4147c8 00000000023dde80
0x00000000023dde38:   000000077c4cba40 0000000000000000
0x00000000023dde48:   000000077c4147c8 0000000000000000
0x00000000023dde58:   00000000023dde80 00000000023ddec8
0x00000000023dde68:   00000000024864f0 00000007d5cb0b78
0x00000000023dde78:   000000000248f1c0 00000007d5cb0da0
0x00000000023dde88:   00000000023dde88 000000077c4146ca
0x00000000023dde98:   00000000023ddef0 000000077c4cba40
0x00000000023ddea8:   0000000000000000 000000077c4146f8
0x00000000023ddeb8:   00000000023dde80 00000000023ddef0
0x00000000023ddec8:   00000000023ddf38 00000000024864f0
0x00000000023dded8:   0000000000000000 0000000000000000 

Instructions: (pc=0x000000000756f750)
0x000000000756f730:   00 00 00 00 00 00 00 00 00 00 00 00 00 00 00 00
0x000000000756f740:   00 00 00 00 00 00 00 00 00 00 00 00 00 00 00 00
0x000000000756f750:   00 00 00 00 00 00 00 00 00 00 00 00 00 00 00 00
0x000000000756f760:   00 00 00 00 00 00 00 00 00 00 00 00 00 00 00 00 


Register to memory mapping:

RAX=0x000000000756f750 is an unknown value
RBX=0x000000077c4147c8 is an oop
{method} 
 - klass: {other class}
RCX=0x000000000229c9d8 is an unknown value
RDX=0x00000000023dde70 is pointing into the stack for thread: 0x000000000229c800
RSP=0x00000000023ddde8 is pointing into the stack for thread: 0x000000000229c800
RBP=0x00000000023dde60 is pointing into the stack for thread: 0x000000000229c800
RSI=0x000000000229c800 is a thread
RDI=0x00000000024863d3 is an Interpreter codelet
return entry points  [0x0000000002485820, 0x0000000002487620]  7680 bytes
R8 =0x00000000023dde80 is pointing into the stack for thread: 0x000000000229c800
R9 =0x0000000000000000 is an unknown value
R10=0x000000000249237c is an Interpreter codelet
method entry point (kind = native)  [0x0000000002492100, 0x0000000002492980]  2176 bytes
R11=0x0000000058fe1f50 is an unknown value
R12=0x0000000000000000 is an unknown value
R13=0x000000077c4147c8 is an oop
{method} 
 - klass: {other class}
R14=0x00000000023dde80 is pointing into the stack for thread: 0x000000000229c800
R15=0x000000000229c800 is a thread


Stack: [0x00000000022e0000,0x00000000023e0000],  sp=0x00000000023ddde8,  free space=1015k
Native frames: (J=compiled Java code, j=interpreted, Vv=VM code, C=native code)
C  0x000000000756f750
j  java.lang.Class.desiredAssertionStatus()Z+10
j  java.lang.Throwable.<clinit>()V+3
v  ~StubRoutines::call_stub
V  [jvm.dll+0x1ae734]

Java frames: (J=compiled Java code, j=interpreted, Vv=VM code)
j  java.lang.Class.desiredAssertionStatus0(Ljava/lang/Class;)Z+0
j  java.lang.Class.desiredAssertionStatus()Z+10
j  java.lang.Throwable.<clinit>()V+3
v  ~StubRoutines::call_stub
j  java.lang.Class.registerNatives()V+0
j  java.lang.Class.<clinit>()V+0
v  ~StubRoutines::call_stub

---------------  P R O C E S S  ---------------

Java Threads: ( => current thread )
  0x00000000021c4800 JavaThread "Finalizer" daemon [_thread_blocked, id=8116, stack(0x000000000c950000,0x000000000ca50000)]
  0x00000000021bd800 JavaThread "Reference Handler" daemon [_thread_blocked, id=2160, stack(0x000000000c810000,0x000000000c910000)]
=>0x000000000229c800 JavaThread "main" [_thread_in_native, id=7208, stack(0x00000000022e0000,0x00000000023e0000)]

Other Threads:
  0x000000000b673800 VMThread [stack: 0x000000000c640000,0x000000000c740000] [id=7812]

VM state:not at safepoint (normal execution)

VM Mutex/Monitor currently owned by a thread: None

Heap
 PSYoungGen      total 37824K, used 649K [0x00000007d5cb0000, 0x00000007d86e0000, 0x0000000800000000)
  eden space 32448K, 2% used [0x00000007d5cb0000,0x00000007d5d52440,0x00000007d7c60000)
  from space 5376K, 0% used [0x00000007d81a0000,0x00000007d81a0000,0x00000007d86e0000)
  to   space 5376K, 0% used [0x00000007d7c60000,0x00000007d7c60000,0x00000007d81a0000)
 ParOldGen       total 86400K, used 0K [0x0000000781600000, 0x0000000786a60000, 0x00000007d5cb0000)
  object space 86400K, 0% used [0x0000000781600000,0x0000000781600000,0x0000000786a60000)
 PSPermGen       total 21248K, used 824K [0x000000077c400000, 0x000000077d8c0000, 0x0000000781600000)
  object space 21248K, 3% used [0x000000077c400000,0x000000077c4ce2d0,0x000000077d8c0000)

Card table byte_map: [0x0000000005480000,0x00000000058a0000] byte_map_base: 0x000000000189e000

Polling page: 0x00000000001c0000

Code Cache  [0x0000000002480000, 0x00000000026f0000, 0x0000000005480000)
 total_blobs=62 nmethods=0 adapters=37 free_code_cache=48825Kb largest_free_block=49997056

Compilation events (0 events):
No events

GC Heap History (0 events):
No events

Deoptimization events (0 events):
No events

Internal exceptions (0 events):
No events

Events (10 events):
Event: 0.032 loading class 0x00000000021bc9b0 done
Event: 0.032 loading class 0x00000000021bc970
Event: 0.032 loading class 0x00000000021bc970 done
Event: 0.032 loading class 0x000000000218d280
Event: 0.032 loading class 0x000000000218d280 done
Event: 0.032 Thread 0x00000000021c4800 Thread added: 0x00000000021c4800
Event: 0.032 loading class 0x0000000002152180
Event: 0.032 loading class 0x0000000002112070
Event: 0.032 loading class 0x0000000002112070 done
Event: 0.032 loading class 0x0000000002152180 done


Dynamic libraries:
0x000000013f610000 - 0x000000013f643000 	C:\Windows\system32\java.exe
0x0000000077890000 - 0x0000000077a3c000 	C:\Windows\SYSTEM32\ntdll.dll
0x0000000077670000 - 0x000000007778f000 	C:\Windows\system32\kernel32.dll
0x000007fefd8e0000 - 0x000007fefd94b000 	C:\Windows\system32\KERNELBASE.dll
0x000007fefe7a0000 - 0x000007fefe87b000 	C:\Windows\system32\ADVAPI32.dll
0x000007fefe880000 - 0x000007fefe91f000 	C:\Windows\system32\msvcrt.dll
0x000007feff9f0000 - 0x000007feffa0f000 	C:\Windows\SYSTEM32\sechost.dll
0x000007fefe2b0000 - 0x000007fefe3de000 	C:\Windows\system32\RPCRT4.dll
0x0000000077790000 - 0x000000007788a000 	C:\Windows\system32\USER32.dll
0x000007fefe480000 - 0x000007fefe4e7000 	C:\Windows\system32\GDI32.dll
0x000007fefde20000 - 0x000007fefde2e000 	C:\Windows\system32\LPK.dll
0x000007fefde30000 - 0x000007fefdefa000 	C:\Windows\system32\USP10.dll
0x000007fefbf40000 - 0x000007fefc134000 	C:\Windows\WinSxS\amd64_microsoft.windows.common-controls_6595b64144ccf1df_6.0.7600.16661_none_fa62ad231704eab7\COMCTL32.dll
0x000007feffb20000 - 0x000007feffb91000 	C:\Windows\system32\SHLWAPI.dll
0x000007fefeaa0000 - 0x000007fefeace000 	C:\Windows\system32\IMM32.DLL
0x000007feffa10000 - 0x000007feffb19000 	C:\Windows\system32\MSCTF.dll
0x0000000062fe0000 - 0x00000000630b1000 	C:\Program Files\Java\jre7\bin\msvcr100.dll
0x0000000058e20000 - 0x000000005953f000 	C:\Program Files\Java\jre7\bin\server\jvm.dll
0x000007fef4160000 - 0x000007fef4169000 	C:\Windows\system32\WSOCK32.dll
0x000007fefe030000 - 0x000007fefe07d000 	C:\Windows\system32\WS2_32.dll
0x000007feff940000 - 0x000007feff948000 	C:\Windows\system32\NSI.dll
0x000007fefb970000 - 0x000007fefb9ab000 	C:\Windows\system32\WINMM.dll
0x0000000077a50000 - 0x0000000077a57000 	C:\Windows\system32\PSAPI.DLL
0x0000000074b90000 - 0x0000000074b9f000 	C:\Program Files\Java\jre7\bin\verify.dll
0x0000000074ab0000 - 0x0000000074ad8000 	C:\Program Files\Java\jre7\bin\java.dll
0x0000000074a90000 - 0x0000000074aa5000 	C:\Program Files\Java\jre7\bin\zip.dll
0x000007fefa030000 - 0x000007fefa155000 	C:\Windows\system32\dbghelp.dll

VM Arguments:
java_command: <unknown>
Launcher Type: SUN_STANDARD

Environment Variables:
PATH=C:\Program Files\Common Files\Microsoft Shared\Windows Live;C:\Program Files (x86)\Common Files\Microsoft Shared\Windows Live;C:\Windows\system32;C:\Windows;C:\Windows\System32\Wbem;C:\Windows\System32\WindowsPowerShell\v1.0\;C:\Program Files (x86)\Windows Live\Shared;C:\Windows\SysWOW64;C:\Program Files (x86)\QuickTime\QTSystem\;C:\Program Files (x86)\Microsoft SQL Server\100\Tools\Binn\;C:\Program Files\Microsoft SQL Server\100\Tools\Binn\;C:\Program Files\Microsoft SQL Server\100\DTS\Binn\;C:\Program Files\TortoiseHg\
USERNAME=Abdurrahman Hijazi
OS=Windows_NT
PROCESSOR_IDENTIFIER=Intel64 Family 6 Model 42 Stepping 7, GenuineIntel



---------------  S Y S T E M  ---------------

OS: Windows 7 , 64 bit Build 7600 

CPU:total 4 (4 cores per cpu, 1 threads per core) family 6 model 42 stepping 7, cmov, cx8, fxsr, mmx, sse, sse2, sse3, ssse3, sse4.1, sse4.2, popcnt, tsc, tscinvbit

Memory: 4k page, physical 8292896k(3785332k free), swap 16583896k(11125940k free)

vm_info: Java HotSpot(TM) 64-Bit Server VM (23.7-b01) for windows-amd64 JRE (1.7.0_17-b02), built on Mar  1 2013 03:38:30 by "java_re" with unknown MS VC++:1600

time: Sun Mar 15 20:25:38 2015
elapsed time: 0 seconds

