#
# A fatal error has been detected by the Java Runtime Environment:
#
#  EXCEPTION_ACCESS_VIOLATION (0xc0000005) at pc=0x000000000755f750, pid=1720, tid=8176
#
# JRE version: 7.0_17-b02
# Java VM: Java HotSpot(TM) 64-Bit Server VM (23.7-b01 mixed mode windows-amd64 compressed oops)
# Problematic frame:
# C  0x000000000755f750
#
# Failed to write core dump. Minidumps are not enabled by default on client versions of Windows
#
# If you would like to submit a bug report, please visit:
#   http://bugreport.sun.com/bugreport/crash.jsp
# The crash happened outside the Java Virtual Machine in native code.
# See problematic frame for where to report the bug.
#

---------------  T H R E A D  ---------------

Current thread (0x000000000210c800):  JavaThread "main" [_thread_in_native, id=8176, stack(0x0000000002510000,0x0000000002610000)]

siginfo: ExceptionCode=0xc0000005, ExceptionInformation=0x0000000000000008 0x000000000755f750

Registers:
RAX=0x000000000755f750, RBX=0x000000077c4147c8, RCX=0x000000000210c9d8, RDX=0x000000000260e550
RSP=0x000000000260e4c8, RBP=0x000000000260e540, RSI=0x000000000210c800, RDI=0x00000000026163d3
R8 =0x000000000260e560, R9 =0x0000000000000000, R10=0x000000000262237c, R11=0x00000000545e1f50
R12=0x0000000000000000, R13=0x000000077c4147c8, R14=0x000000000260e560, R15=0x000000000210c800
RIP=0x000000000755f750, EFLAGS=0x0000000000010287

Top of Stack: (sp=0x000000000260e4c8)
0x000000000260e4c8:   00000000026223a8 000000000260e538
0x000000000260e4d8:   00000000026163d3 0000000000000000
0x000000000260e4e8:   000000000261f1db 000000000210c800
0x000000000260e4f8:   000000000260e5d0 000000000260e500
0x000000000260e508:   000000077c4147c8 000000000260e560
0x000000000260e518:   000000077c4cba40 0000000000000000
0x000000000260e528:   000000077c4147c8 0000000000000000
0x000000000260e538:   000000000260e560 000000000260e5a8
0x000000000260e548:   00000000026164f0 00000007d5cb0b78
0x000000000260e558:   000000000261f1c0 00000007d5cb0da0
0x000000000260e568:   000000000260e568 000000077c4146ca
0x000000000260e578:   000000000260e5d0 000000077c4cba40
0x000000000260e588:   0000000000000000 000000077c4146f8
0x000000000260e598:   000000000260e560 000000000260e5d0
0x000000000260e5a8:   000000000260e618 00000000026164f0
0x000000000260e5b8:   0000000000000000 0000000000000000 

Instructions: (pc=0x000000000755f750)
0x000000000755f730:   00 00 00 00 00 00 00 00 00 00 00 00 00 00 00 00
0x000000000755f740:   00 00 00 00 00 00 00 00 00 00 00 00 00 00 00 00
0x000000000755f750:   00 00 00 00 00 00 00 00 00 00 00 00 00 00 00 00
0x000000000755f760:   00 00 00 00 00 00 00 00 00 00 00 00 00 00 00 00 


Register to memory mapping:

RAX=0x000000000755f750 is an unknown value
RBX=0x000000077c4147c8 is an oop
{method} 
 - klass: {other class}
RCX=0x000000000210c9d8 is an unknown value
RDX=0x000000000260e550 is pointing into the stack for thread: 0x000000000210c800
RSP=0x000000000260e4c8 is pointing into the stack for thread: 0x000000000210c800
RBP=0x000000000260e540 is pointing into the stack for thread: 0x000000000210c800
RSI=0x000000000210c800 is a thread
RDI=0x00000000026163d3 is an Interpreter codelet
return entry points  [0x0000000002615820, 0x0000000002617620]  7680 bytes
R8 =0x000000000260e560 is pointing into the stack for thread: 0x000000000210c800
R9 =0x0000000000000000 is an unknown value
R10=0x000000000262237c is an Interpreter codelet
method entry point (kind = native)  [0x0000000002622100, 0x0000000002622980]  2176 bytes
R11=0x00000000545e1f50 is an unknown value
R12=0x0000000000000000 is an unknown value
R13=0x000000077c4147c8 is an oop
{method} 
 - klass: {other class}
R14=0x000000000260e560 is pointing into the stack for thread: 0x000000000210c800
R15=0x000000000210c800 is a thread


Stack: [0x0000000002510000,0x0000000002610000],  sp=0x000000000260e4c8,  free space=1017k
Native frames: (J=compiled Java code, j=interpreted, Vv=VM code, C=native code)
C  0x000000000755f750
j  java.lang.Class.desiredAssertionStatus()Z+10
j  java.lang.Throwable.<clinit>()V+3
v  ~StubRoutines::call_stub
V  [jvm.dll+0x1ae734]

Java frames: (J=compiled Java code, j=interpreted, Vv=VM code)
j  java.lang.Class.desiredAssertionStatus0(Ljava/lang/Class;)Z+0
j  java.lang.Class.desiredAssertionStatus()Z+10
j  java.lang.Throwable.<clinit>()V+3
v  ~StubRoutines::call_stub
j  java.lang.Class.registerNatives()V+0
j  java.lang.Class.<clinit>()V+0
v  ~StubRoutines::call_stub

---------------  P R O C E S S  ---------------

Java Threads: ( => current thread )
  0x0000000002204800 JavaThread "Finalizer" daemon [_thread_blocked, id=2220, stack(0x000000000c900000,0x000000000ca00000)]
  0x00000000021fe000 JavaThread "Reference Handler" daemon [_thread_blocked, id=2532, stack(0x000000000c790000,0x000000000c890000)]
=>0x000000000210c800 JavaThread "main" [_thread_in_native, id=8176, stack(0x0000000002510000,0x0000000002610000)]

Other Threads:
  0x000000000b6a3800 VMThread [stack: 0x000000000c580000,0x000000000c680000] [id=772]

VM state:not at safepoint (normal execution)

VM Mutex/Monitor currently owned by a thread: None

Heap
 PSYoungGen      total 37824K, used 649K [0x00000007d5cb0000, 0x00000007d86e0000, 0x0000000800000000)
  eden space 32448K, 2% used [0x00000007d5cb0000,0x00000007d5d52440,0x00000007d7c60000)
  from space 5376K, 0% used [0x00000007d81a0000,0x00000007d81a0000,0x00000007d86e0000)
  to   space 5376K, 0% used [0x00000007d7c60000,0x00000007d7c60000,0x00000007d81a0000)
 ParOldGen       total 86400K, used 0K [0x0000000781600000, 0x0000000786a60000, 0x00000007d5cb0000)
  object space 86400K, 0% used [0x0000000781600000,0x0000000781600000,0x0000000786a60000)
 PSPermGen       total 21248K, used 824K [0x000000077c400000, 0x000000077d8c0000, 0x0000000781600000)
  object space 21248K, 3% used [0x000000077c400000,0x000000077c4ce2d0,0x000000077d8c0000)

Card table byte_map: [0x0000000005610000,0x0000000005a30000] byte_map_base: 0x0000000001a2e000

Polling page: 0x0000000000330000

Code Cache  [0x0000000002610000, 0x0000000002880000, 0x0000000005610000)
 total_blobs=62 nmethods=0 adapters=37 free_code_cache=48825Kb largest_free_block=49997056

Compilation events (0 events):
No events

GC Heap History (0 events):
No events

Deoptimization events (0 events):
No events

Internal exceptions (0 events):
No events

Events (10 events):
Event: 0.017 loading class 0x00000000021fcb40 done
Event: 0.017 loading class 0x00000000021fcb00
Event: 0.017 loading class 0x00000000021fcb00 done
Event: 0.017 loading class 0x00000000021cd2a0
Event: 0.017 loading class 0x00000000021cd2a0 done
Event: 0.017 Thread 0x0000000002204800 Thread added: 0x0000000002204800
Event: 0.017 loading class 0x00000000021911d0
Event: 0.017 loading class 0x0000000002152090
Event: 0.017 loading class 0x0000000002152090 done
Event: 0.017 loading class 0x00000000021911d0 done


Dynamic libraries:
0x000000013f8b0000 - 0x000000013f8e3000 	C:\Windows\system32\java.exe
0x0000000077890000 - 0x0000000077a3c000 	C:\Windows\SYSTEM32\ntdll.dll
0x0000000077670000 - 0x000000007778f000 	C:\Windows\system32\kernel32.dll
0x000007fefd8e0000 - 0x000007fefd94b000 	C:\Windows\system32\KERNELBASE.dll
0x000007fefe7a0000 - 0x000007fefe87b000 	C:\Windows\system32\ADVAPI32.dll
0x000007fefe880000 - 0x000007fefe91f000 	C:\Windows\system32\msvcrt.dll
0x000007feff9f0000 - 0x000007feffa0f000 	C:\Windows\SYSTEM32\sechost.dll
0x000007fefe2b0000 - 0x000007fefe3de000 	C:\Windows\system32\RPCRT4.dll
0x0000000077790000 - 0x000000007788a000 	C:\Windows\system32\USER32.dll
0x000007fefe480000 - 0x000007fefe4e7000 	C:\Windows\system32\GDI32.dll
0x000007fefde20000 - 0x000007fefde2e000 	C:\Windows\system32\LPK.dll
0x000007fefde30000 - 0x000007fefdefa000 	C:\Windows\system32\USP10.dll
0x000007fefbf40000 - 0x000007fefc134000 	C:\Windows\WinSxS\amd64_microsoft.windows.common-controls_6595b64144ccf1df_6.0.7600.16661_none_fa62ad231704eab7\COMCTL32.dll
0x000007feffb20000 - 0x000007feffb91000 	C:\Windows\system32\SHLWAPI.dll
0x000007fefeaa0000 - 0x000007fefeace000 	C:\Windows\system32\IMM32.DLL
0x000007feffa10000 - 0x000007feffb19000 	C:\Windows\system32\MSCTF.dll
0x0000000062ba0000 - 0x0000000062c71000 	C:\Program Files\Java\jre7\bin\msvcr100.dll
0x0000000054420000 - 0x0000000054b3f000 	C:\Program Files\Java\jre7\bin\server\jvm.dll
0x000007fef4160000 - 0x000007fef4169000 	C:\Windows\system32\WSOCK32.dll
0x000007fefe030000 - 0x000007fefe07d000 	C:\Windows\system32\WS2_32.dll
0x000007feff940000 - 0x000007feff948000 	C:\Windows\system32\NSI.dll
0x000007fefb970000 - 0x000007fefb9ab000 	C:\Windows\system32\WINMM.dll
0x0000000077a50000 - 0x0000000077a57000 	C:\Windows\system32\PSAPI.DLL
0x0000000074ad0000 - 0x0000000074adf000 	C:\Program Files\Java\jre7\bin\verify.dll
0x0000000074aa0000 - 0x0000000074ac8000 	C:\Program Files\Java\jre7\bin\java.dll
0x0000000074a80000 - 0x0000000074a95000 	C:\Program Files\Java\jre7\bin\zip.dll
0x000007fefa030000 - 0x000007fefa155000 	C:\Windows\system32\dbghelp.dll

VM Arguments:
java_command: <unknown>
Launcher Type: SUN_STANDARD

Environment Variables:
PATH=C:\Program Files\Common Files\Microsoft Shared\Windows Live;C:\Program Files (x86)\Common Files\Microsoft Shared\Windows Live;C:\Windows\system32;C:\Windows;C:\Windows\System32\Wbem;C:\Windows\System32\WindowsPowerShell\v1.0\;C:\Program Files (x86)\Windows Live\Shared;C:\Windows\SysWOW64;C:\Program Files (x86)\QuickTime\QTSystem\;C:\Program Files (x86)\Microsoft SQL Server\100\Tools\Binn\;C:\Program Files\Microsoft SQL Server\100\Tools\Binn\;C:\Program Files\Microsoft SQL Server\100\DTS\Binn\;C:\Program Files\TortoiseHg\
USERNAME=Abdurrahman Hijazi
OS=Windows_NT
PROCESSOR_IDENTIFIER=Intel64 Family 6 Model 42 Stepping 7, GenuineIntel



---------------  S Y S T E M  ---------------

OS: Windows 7 , 64 bit Build 7600 

CPU:total 4 (4 cores per cpu, 1 threads per core) family 6 model 42 stepping 7, cmov, cx8, fxsr, mmx, sse, sse2, sse3, ssse3, sse4.1, sse4.2, popcnt, tsc, tscinvbit

Memory: 4k page, physical 8292896k(3784008k free), swap 16583896k(11127504k free)

vm_info: Java HotSpot(TM) 64-Bit Server VM (23.7-b01) for windows-amd64 JRE (1.7.0_17-b02), built on Mar  1 2013 03:38:30 by "java_re" with unknown MS VC++:1600

time: Sun Mar 15 20:25:38 2015
elapsed time: 0 seconds

